{"/home/travis/build/npmtest/node-npmtest-cordova-plugin-file-transfer/test.js":{"path":"/home/travis/build/npmtest/node-npmtest-cordova-plugin-file-transfer/test.js","s":{"1":2,"2":2,"3":2,"4":2,"5":2,"6":2,"7":2,"8":1,"9":2,"10":2,"11":1,"12":1,"13":1,"14":1,"15":2,"16":2,"17":2,"18":2,"19":1,"20":1,"21":2,"22":2,"23":2,"24":1,"25":1,"26":1,"27":1,"28":1,"29":1,"30":1,"31":1,"32":1,"33":1,"34":1,"35":1,"36":1,"37":1,"38":1,"39":2,"40":2,"41":1,"42":2,"43":2,"44":1,"45":2,"46":2,"47":1,"48":2,"49":2,"50":1,"51":1,"52":1,"53":1,"54":1},"b":{"1":[2,1,1,1],"2":[1,1,1,1],"3":[1,1],"4":[1,1],"5":[1,1],"6":[1,1],"7":[1,1],"8":[1,1],"9":[1,1],"10":[1,1,1],"11":[1,1],"12":[1,1],"13":[1,1],"14":[1,1],"15":[1,1],"16":[1,1],"17":[1,1]},"f":{"1":2,"2":2,"3":2,"4":2,"5":2,"6":1,"7":1,"8":1,"9":2,"10":2,"11":2,"12":2,"13":1},"fnMap":{"1":{"name":"(anonymous_1)","line":12,"loc":{"start":{"line":12,"column":1},"end":{"line":12,"column":13}}},"2":{"name":"(anonymous_2)","line":19,"loc":{"start":{"line":19,"column":5},"end":{"line":19,"column":17}}},"3":{"name":"(anonymous_3)","line":23,"loc":{"start":{"line":23,"column":24},"end":{"line":23,"column":36}}},"4":{"name":"(anonymous_4)","line":61,"loc":{"start":{"line":61,"column":5},"end":{"line":61,"column":17}}},"5":{"name":"(anonymous_5)","line":82,"loc":{"start":{"line":82,"column":5},"end":{"line":82,"column":17}}},"6":{"name":"(anonymous_6)","line":91,"loc":{"start":{"line":91,"column":77},"end":{"line":94,"column":10}}},"7":{"name":"(anonymous_7)","line":112,"loc":{"start":{"line":112,"column":83},"end":{"line":115,"column":10}},"skip":true},"8":{"name":"(anonymous_8)","line":123,"loc":{"start":{"line":123,"column":77},"end":{"line":126,"column":10}},"skip":true},"9":{"name":"(anonymous_9)","line":139,"loc":{"start":{"line":139,"column":12},"end":{"line":139,"column":40}},"skip":true},"10":{"name":"(anonymous_10)","line":147,"loc":{"start":{"line":147,"column":77},"end":{"line":150,"column":10}},"skip":true},"11":{"name":"(anonymous_11)","line":158,"loc":{"start":{"line":158,"column":83},"end":{"line":161,"column":10}},"skip":true},"12":{"name":"(anonymous_12)","line":169,"loc":{"start":{"line":169,"column":79},"end":{"line":172,"column":10}},"skip":true},"13":{"name":"(anonymous_13)","line":180,"loc":{"start":{"line":180,"column":75},"end":{"line":183,"column":10}},"skip":true}},"statementMap":{"1":{"start":{"line":12,"column":0},"end":{"line":195,"column":5}},"2":{"start":{"line":14,"column":4},"end":{"line":14,"column":14}},"3":{"start":{"line":19,"column":4},"end":{"line":56,"column":9}},"4":{"start":{"line":21,"column":8},"end":{"line":21,"column":19}},"5":{"start":{"line":23,"column":8},"end":{"line":35,"column":13}},"6":{"start":{"line":24,"column":12},"end":{"line":34,"column":13}},"7":{"start":{"line":25,"column":16},"end":{"line":28,"column":30}},"8":{"start":{"line":30,"column":16},"end":{"line":33,"column":27}},"9":{"start":{"line":37,"column":8},"end":{"line":39,"column":21}},"10":{"start":{"line":40,"column":8},"end":{"line":53,"column":9}},"11":{"start":{"line":43,"column":12},"end":{"line":46,"column":14}},"12":{"start":{"line":47,"column":12},"end":{"line":47,"column":18}},"13":{"start":{"line":50,"column":12},"end":{"line":51,"column":33}},"14":{"start":{"line":52,"column":12},"end":{"line":52,"column":18}},"15":{"start":{"line":55,"column":8},"end":{"line":55,"column":35}},"16":{"start":{"line":61,"column":4},"end":{"line":63,"column":9}},"17":{"start":{"line":62,"column":8},"end":{"line":62,"column":15}},"18":{"start":{"line":64,"column":4},"end":{"line":77,"column":5}},"19":{"start":{"line":70,"column":8},"end":{"line":70,"column":14}},"20":{"start":{"line":76,"column":8},"end":{"line":76,"column":14}},"21":{"start":{"line":82,"column":4},"end":{"line":84,"column":9}},"22":{"start":{"line":83,"column":8},"end":{"line":83,"column":15}},"23":{"start":{"line":85,"column":4},"end":{"line":194,"column":5}},"24":{"start":{"line":91,"column":8},"end":{"line":99,"column":10}},"25":{"start":{"line":98,"column":12},"end":{"line":98,"column":35}},"26":{"start":{"line":102,"column":8},"end":{"line":104,"column":63}},"27":{"start":{"line":105,"column":8},"end":{"line":105,"column":14}},"28":{"start":{"line":112,"column":8},"end":{"line":121,"column":10},"skip":true},"29":{"start":{"line":119,"column":12},"end":{"line":119,"column":55},"skip":true},"30":{"start":{"line":120,"column":12},"end":{"line":120,"column":48},"skip":true},"31":{"start":{"line":123,"column":8},"end":{"line":136,"column":10},"skip":true},"32":{"start":{"line":130,"column":12},"end":{"line":130,"column":76},"skip":true},"33":{"start":{"line":131,"column":12},"end":{"line":131,"column":73},"skip":true},"34":{"start":{"line":132,"column":12},"end":{"line":132,"column":74},"skip":true},"35":{"start":{"line":133,"column":12},"end":{"line":133,"column":79},"skip":true},"36":{"start":{"line":134,"column":12},"end":{"line":134,"column":25},"skip":true},"37":{"start":{"line":135,"column":12},"end":{"line":135,"column":45},"skip":true},"38":{"start":{"line":138,"column":8},"end":{"line":145,"column":14},"skip":true},"39":{"start":{"line":143,"column":16},"end":{"line":143,"column":29},"skip":true},"40":{"start":{"line":144,"column":16},"end":{"line":144,"column":55},"skip":true},"41":{"start":{"line":147,"column":8},"end":{"line":156,"column":10},"skip":true},"42":{"start":{"line":154,"column":12},"end":{"line":154,"column":25},"skip":true},"43":{"start":{"line":155,"column":12},"end":{"line":155,"column":45},"skip":true},"44":{"start":{"line":158,"column":8},"end":{"line":167,"column":10},"skip":true},"45":{"start":{"line":165,"column":12},"end":{"line":165,"column":25},"skip":true},"46":{"start":{"line":166,"column":12},"end":{"line":166,"column":48},"skip":true},"47":{"start":{"line":169,"column":8},"end":{"line":178,"column":10},"skip":true},"48":{"start":{"line":176,"column":12},"end":{"line":176,"column":25},"skip":true},"49":{"start":{"line":177,"column":12},"end":{"line":177,"column":46},"skip":true},"50":{"start":{"line":180,"column":8},"end":{"line":189,"column":10},"skip":true},"51":{"start":{"line":187,"column":12},"end":{"line":187,"column":94},"skip":true},"52":{"start":{"line":188,"column":12},"end":{"line":188,"column":48},"skip":true},"53":{"start":{"line":192,"column":8},"end":{"line":192,"column":35},"skip":true},"54":{"start":{"line":193,"column":8},"end":{"line":193,"column":14},"skip":true}},"branchMap":{"1":{"line":25,"type":"binary-expr","locations":[{"start":{"line":25,"column":23},"end":{"line":25,"column":62}},{"start":{"line":26,"column":20},"end":{"line":26,"column":70}},{"start":{"line":27,"column":20},"end":{"line":27,"column":71}},{"start":{"line":28,"column":20},"end":{"line":28,"column":29}}]},"2":{"line":30,"type":"binary-expr","locations":[{"start":{"line":30,"column":23},"end":{"line":30,"column":37}},{"start":{"line":31,"column":20},"end":{"line":31,"column":61}},{"start":{"line":32,"column":20},"end":{"line":32,"column":70}},{"start":{"line":33,"column":20},"end":{"line":33,"column":26}}]},"3":{"line":37,"type":"cond-expr","locations":[{"start":{"line":38,"column":14},"end":{"line":38,"column":20}},{"start":{"line":39,"column":14},"end":{"line":39,"column":20}}]},"4":{"line":40,"type":"switch","locations":[{"start":{"line":42,"column":8},"end":{"line":47,"column":18}},{"start":{"line":49,"column":8},"end":{"line":52,"column":18}}]},"5":{"line":44,"type":"binary-expr","locations":[{"start":{"line":44,"column":16},"end":{"line":44,"column":44}},{"start":{"line":44,"column":48},"end":{"line":44,"column":66}}]},"6":{"line":50,"type":"binary-expr","locations":[{"start":{"line":50,"column":21},"end":{"line":50,"column":49}},{"start":{"line":50,"column":53},"end":{"line":50,"column":72}}]},"7":{"line":64,"type":"switch","locations":[{"start":{"line":69,"column":4},"end":{"line":70,"column":14}},{"start":{"line":75,"column":4},"end":{"line":76,"column":14}}]},"8":{"line":85,"type":"switch","locations":[{"start":{"line":90,"column":4},"end":{"line":105,"column":14}},{"start":{"line":111,"column":4},"end":{"line":193,"column":14},"skip":true}]},"9":{"line":91,"type":"binary-expr","locations":[{"start":{"line":91,"column":42},"end":{"line":91,"column":73}},{"start":{"line":91,"column":77},"end":{"line":99,"column":9}}]},"10":{"line":102,"type":"binary-expr","locations":[{"start":{"line":102,"column":18},"end":{"line":102,"column":32}},{"start":{"line":103,"column":12},"end":{"line":103,"column":53}},{"start":{"line":104,"column":12},"end":{"line":104,"column":61}}]},"11":{"line":112,"type":"binary-expr","locations":[{"start":{"line":112,"column":45},"end":{"line":112,"column":79},"skip":true},{"start":{"line":112,"column":83},"end":{"line":121,"column":9},"skip":true}]},"12":{"line":123,"type":"binary-expr","locations":[{"start":{"line":123,"column":42},"end":{"line":123,"column":73},"skip":true},{"start":{"line":123,"column":77},"end":{"line":136,"column":9},"skip":true}]},"13":{"line":138,"type":"binary-expr","locations":[{"start":{"line":138,"column":48},"end":{"line":138,"column":85},"skip":true},{"start":{"line":139,"column":12},"end":{"line":145,"column":13},"skip":true}]},"14":{"line":147,"type":"binary-expr","locations":[{"start":{"line":147,"column":42},"end":{"line":147,"column":73},"skip":true},{"start":{"line":147,"column":77},"end":{"line":156,"column":9},"skip":true}]},"15":{"line":158,"type":"binary-expr","locations":[{"start":{"line":158,"column":45},"end":{"line":158,"column":79},"skip":true},{"start":{"line":158,"column":83},"end":{"line":167,"column":9},"skip":true}]},"16":{"line":169,"type":"binary-expr","locations":[{"start":{"line":169,"column":43},"end":{"line":169,"column":75},"skip":true},{"start":{"line":169,"column":79},"end":{"line":178,"column":9},"skip":true}]},"17":{"line":180,"type":"binary-expr","locations":[{"start":{"line":180,"column":41},"end":{"line":180,"column":71},"skip":true},{"start":{"line":180,"column":75},"end":{"line":189,"column":9},"skip":true}]}},"code":["/* istanbul instrument in package npmtest_cordova_plugin_file_transfer */","/*jslint","    bitwise: true,","    browser: true,","    maxerr: 8,","    maxlen: 96,","    node: true,","    nomen: true,","    regexp: true,","    stupid: true","*/","(function () {","    'use strict';","    var local;","","","","    // run shared js-env code - pre-init","    (function () {","        // init local","        local = {};","        // init modeJs","        local.modeJs = (function () {","            try {","                return typeof navigator.userAgent === 'string' &&","                    typeof document.querySelector('body') === 'object' &&","                    typeof XMLHttpRequest.prototype.open === 'function' &&","                    'browser';","            } catch (errorCaughtBrowser) {","                return module.exports &&","                    typeof process.versions.node === 'string' &&","                    typeof require('http').createServer === 'function' &&","                    'node';","            }","        }());","        // init global","        local.global = local.modeJs === 'browser'","            ? window","            : global;","        switch (local.modeJs) {","        // re-init local from window.local","        case 'browser':","            local = local.global.utility2.objectSetDefault(","                local.global.utility2_rollup || local.global.local,","                local.global.utility2","            );","            break;","        // re-init local from example.js","        case 'node':","            local = (local.global.utility2_rollup || require('utility2'))","                .requireReadme();","            break;","        }","        // export local","        local.global.local = local;","    }());","","","","    // run shared js-env code - function","    (function () {","        return;","    }());","    switch (local.modeJs) {","","","","    // run browser js-env code - function","    case 'browser':","        break;","","","","    // run node js-env code - function","    case 'node':","        break;","    }","","","","    // run shared js-env code - post-init","    (function () {","        return;","    }());","    switch (local.modeJs) {","","","","    // run browser js-env code - post-init","    case 'browser':","        local.testCase_browser_nullCase = local.testCase_browser_nullCase || function (","            options,","            onError","        ) {","        /*","         * this function will test browsers's null-case handling-behavior-behavior","         */","            onError(null, options);","        };","","        // run tests","        local.nop(local.modeTest &&","            document.querySelector('#testRunButton1') &&","            document.querySelector('#testRunButton1').click());","        break;","","","","    // run node js-env code - post-init","    /* istanbul ignore next */","    case 'node':","        local.testCase_buildApidoc_default = local.testCase_buildApidoc_default || function (","            options,","            onError","        ) {","        /*","         * this function will test buildApidoc's default handling-behavior-behavior","         */","            options = { modulePathList: module.paths };","            local.buildApidoc(options, onError);","        };","","        local.testCase_buildApp_default = local.testCase_buildApp_default || function (","            options,","            onError","        ) {","        /*","         * this function will test buildApp's default handling-behavior-behavior","         */","            local.testCase_buildReadme_default(options, local.onErrorThrow);","            local.testCase_buildLib_default(options, local.onErrorThrow);","            local.testCase_buildTest_default(options, local.onErrorThrow);","            local.testCase_buildCustomOrg_default(options, local.onErrorThrow);","            options = [];","            local.buildApp(options, onError);","        };","","        local.testCase_buildCustomOrg_default = local.testCase_buildCustomOrg_default ||","            function (options, onError) {","            /*","             * this function will test buildCustomOrg's default handling-behavior","             */","                options = {};","                local.buildCustomOrg(options, onError);","            };","","        local.testCase_buildLib_default = local.testCase_buildLib_default || function (","            options,","            onError","        ) {","        /*","         * this function will test buildLib's default handling-behavior","         */","            options = {};","            local.buildLib(options, onError);","        };","","        local.testCase_buildReadme_default = local.testCase_buildReadme_default || function (","            options,","            onError","        ) {","        /*","         * this function will test buildReadme's default handling-behavior-behavior","         */","            options = {};","            local.buildReadme(options, onError);","        };","","        local.testCase_buildTest_default = local.testCase_buildTest_default || function (","            options,","            onError","        ) {","        /*","         * this function will test buildTest's default handling-behavior","         */","            options = {};","            local.buildTest(options, onError);","        };","","        local.testCase_webpage_default = local.testCase_webpage_default || function (","            options,","            onError","        ) {","        /*","         * this function will test webpage's default handling-behavior","         */","            options = { modeCoverageMerge: true, url: local.serverLocalHost + '?modeTest=1' };","            local.browserTest(options, onError);","        };","","        // run test-server","        local.testRunServer(local);","        break;","    }","}());",""],"l":{"12":2,"14":2,"19":2,"21":2,"23":2,"24":2,"25":2,"30":1,"37":2,"40":2,"43":1,"47":1,"50":1,"52":1,"55":2,"61":2,"62":2,"64":2,"70":1,"76":1,"82":2,"83":2,"85":2,"91":1,"98":1,"102":1,"105":1,"112":1,"119":1,"120":1,"123":1,"130":1,"131":1,"132":1,"133":1,"134":1,"135":1,"138":1,"143":2,"144":2,"147":1,"154":2,"155":2,"158":1,"165":2,"166":2,"169":1,"176":2,"177":2,"180":1,"187":1,"188":1,"192":1,"193":1}},"/home/travis/build/npmtest/node-npmtest-cordova-plugin-file-transfer/lib.npmtest_cordova_plugin_file_transfer.js":{"path":"/home/travis/build/npmtest/node-npmtest-cordova-plugin-file-transfer/lib.npmtest_cordova_plugin_file_transfer.js","s":{"1":2,"2":2,"3":2,"4":2,"5":2,"6":2,"7":2,"8":1,"9":2,"10":2,"11":2,"12":2,"13":1,"14":1,"15":1,"16":1},"b":{"1":[2,1,1,1],"2":[1,1,1,1],"3":[1,1],"4":[2,2],"5":[1,1]},"f":{"1":2,"2":2,"3":2},"fnMap":{"1":{"name":"(anonymous_1)","line":12,"loc":{"start":{"line":12,"column":1},"end":{"line":12,"column":13}}},"2":{"name":"(anonymous_2)","line":19,"loc":{"start":{"line":19,"column":5},"end":{"line":19,"column":17}}},"3":{"name":"(anonymous_3)","line":23,"loc":{"start":{"line":23,"column":24},"end":{"line":23,"column":36}}}},"statementMap":{"1":{"start":{"line":12,"column":0},"end":{"line":53,"column":5}},"2":{"start":{"line":14,"column":4},"end":{"line":14,"column":14}},"3":{"start":{"line":19,"column":4},"end":{"line":52,"column":9}},"4":{"start":{"line":21,"column":8},"end":{"line":21,"column":19}},"5":{"start":{"line":23,"column":8},"end":{"line":35,"column":13}},"6":{"start":{"line":24,"column":12},"end":{"line":34,"column":13}},"7":{"start":{"line":25,"column":16},"end":{"line":28,"column":30}},"8":{"start":{"line":30,"column":16},"end":{"line":33,"column":27}},"9":{"start":{"line":37,"column":8},"end":{"line":39,"column":21}},"10":{"start":{"line":41,"column":8},"end":{"line":41,"column":54}},"11":{"start":{"line":43,"column":8},"end":{"line":43,"column":73}},"12":{"start":{"line":45,"column":8},"end":{"line":51,"column":9}},"13":{"start":{"line":46,"column":12},"end":{"line":46,"column":79}},"14":{"start":{"line":48,"column":12},"end":{"line":48,"column":35}},"15":{"start":{"line":49,"column":12},"end":{"line":49,"column":49}},"16":{"start":{"line":50,"column":12},"end":{"line":50,"column":43}}},"branchMap":{"1":{"line":25,"type":"binary-expr","locations":[{"start":{"line":25,"column":23},"end":{"line":25,"column":62}},{"start":{"line":26,"column":20},"end":{"line":26,"column":70}},{"start":{"line":27,"column":20},"end":{"line":27,"column":71}},{"start":{"line":28,"column":20},"end":{"line":28,"column":29}}]},"2":{"line":30,"type":"binary-expr","locations":[{"start":{"line":30,"column":23},"end":{"line":30,"column":37}},{"start":{"line":31,"column":20},"end":{"line":31,"column":61}},{"start":{"line":32,"column":20},"end":{"line":32,"column":70}},{"start":{"line":33,"column":20},"end":{"line":33,"column":26}}]},"3":{"line":37,"type":"cond-expr","locations":[{"start":{"line":38,"column":14},"end":{"line":38,"column":20}},{"start":{"line":39,"column":14},"end":{"line":39,"column":20}}]},"4":{"line":41,"type":"binary-expr","locations":[{"start":{"line":41,"column":16},"end":{"line":41,"column":44}},{"start":{"line":41,"column":48},"end":{"line":41,"column":53}}]},"5":{"line":45,"type":"if","locations":[{"start":{"line":45,"column":8},"end":{"line":45,"column":8}},{"start":{"line":45,"column":8},"end":{"line":45,"column":8}}]}},"code":["/* istanbul instrument in package npmtest_cordova_plugin_file_transfer */","/*jslint","    bitwise: true,","    browser: true,","    maxerr: 8,","    maxlen: 96,","    node: true,","    nomen: true,","    regexp: true,","    stupid: true","*/","(function () {","    'use strict';","    var local;","","","","    // run shared js-env code - pre-init","    (function () {","        // init local","        local = {};","        // init modeJs","        local.modeJs = (function () {","            try {","                return typeof navigator.userAgent === 'string' &&","                    typeof document.querySelector('body') === 'object' &&","                    typeof XMLHttpRequest.prototype.open === 'function' &&","                    'browser';","            } catch (errorCaughtBrowser) {","                return module.exports &&","                    typeof process.versions.node === 'string' &&","                    typeof require('http').createServer === 'function' &&","                    'node';","            }","        }());","        // init global","        local.global = local.modeJs === 'browser'","            ? window","            : global;","        // init utility2_rollup","        local = local.global.utility2_rollup || local;","        // init lib","        local.local = local.npmtest_cordova_plugin_file_transfer = local;","        // init exports","        if (local.modeJs === 'browser') {","            local.global.utility2_npmtest_cordova_plugin_file_transfer = local;","        } else {","            module.exports = local;","            module.exports.__dirname = __dirname;","            module.exports.module = module;","        }","    }());","}());",""],"l":{"12":2,"14":2,"19":2,"21":2,"23":2,"24":2,"25":2,"30":1,"37":2,"41":2,"43":2,"45":2,"46":1,"48":1,"49":1,"50":1}},"/home/travis/build/npmtest/node-npmtest-cordova-plugin-file-transfer/example.js":{"path":"/home/travis/build/npmtest/node-npmtest-cordova-plugin-file-transfer/example.js","s":{"1":2,"2":2,"3":2,"4":2,"5":2,"6":2,"7":2,"8":1,"9":2,"10":2,"11":2,"12":2,"13":1,"14":2,"15":2,"16":2,"17":2,"18":2,"19":0,"20":2,"21":1,"22":1,"23":1,"24":1,"25":1,"26":0,"27":0,"28":1,"29":1,"30":2,"31":0,"32":0,"33":0,"34":1,"35":2,"36":2,"37":3,"38":3,"39":3,"40":3,"41":0,"42":3,"43":3,"44":3,"45":1,"46":3,"47":1,"48":1,"49":1,"50":1,"51":1,"52":1,"53":1,"54":1,"55":1,"56":1,"57":0,"58":1,"59":6,"60":6,"61":1,"62":2,"63":0,"64":2,"65":1,"66":1,"67":0,"68":0,"69":0,"70":0,"71":0,"72":0,"73":0,"74":0,"75":0,"76":0,"77":0,"78":0,"79":0,"80":0,"81":0,"82":0,"83":0},"b":{"1":[2,1,1,1],"2":[1,1,1,1],"3":[1,1],"4":[2,2],"5":[1,1],"6":[1,1],"7":[2,0],"8":[2,1,1,1,1,1],"9":[0,2,0],"10":[1,1],"11":[2,1,1],"12":[1,0],"13":[0,2],"14":[2,0,0,0,0,0,0],"15":[0,3],"16":[3,0],"17":[1,1],"18":[0,1],"19":[1,2,0,2],"20":[1,0],"21":[1,1],"22":[0,0],"23":[0,0],"24":[0,0],"25":[0,0],"26":[0,0],"27":[0,0],"28":[0,0]},"f":{"1":2,"2":2,"3":2,"4":2,"5":2,"6":2,"7":3,"8":3,"9":3,"10":1,"11":6,"12":0},"fnMap":{"1":{"name":"(anonymous_1)","line":26,"loc":{"start":{"line":26,"column":1},"end":{"line":26,"column":13}}},"2":{"name":"(anonymous_2)","line":33,"loc":{"start":{"line":33,"column":5},"end":{"line":33,"column":17}}},"3":{"name":"(anonymous_3)","line":37,"loc":{"start":{"line":37,"column":24},"end":{"line":37,"column":36}}},"4":{"name":"(anonymous_4)","line":69,"loc":{"start":{"line":69,"column":31},"end":{"line":69,"column":48}},"skip":true},"5":{"name":"(anonymous_5)","line":78,"loc":{"start":{"line":78,"column":26},"end":{"line":78,"column":45}},"skip":true},"6":{"name":"(anonymous_6)","line":123,"loc":{"start":{"line":123,"column":33},"end":{"line":123,"column":48}},"skip":true},"7":{"name":"(anonymous_7)","line":125,"loc":{"start":{"line":125,"column":27},"end":{"line":125,"column":39}},"skip":true},"8":{"name":"(anonymous_8)","line":133,"loc":{"start":{"line":133,"column":59},"end":{"line":133,"column":74}},"skip":true},"9":{"name":"(anonymous_9)","line":143,"loc":{"start":{"line":143,"column":45},"end":{"line":143,"column":62}},"skip":true},"10":{"name":"(anonymous_10)","line":144,"loc":{"start":{"line":144,"column":73},"end":{"line":144,"column":92}},"skip":true},"11":{"name":"(anonymous_11)","line":272,"loc":{"start":{"line":272,"column":51},"end":{"line":272,"column":77}},"skip":true},"12":{"name":"(anonymous_12)","line":315,"loc":{"start":{"line":315,"column":32},"end":{"line":315,"column":61}},"skip":true}},"statementMap":{"1":{"start":{"line":26,"column":0},"end":{"line":326,"column":5}},"2":{"start":{"line":28,"column":4},"end":{"line":28,"column":14}},"3":{"start":{"line":33,"column":4},"end":{"line":60,"column":9}},"4":{"start":{"line":35,"column":8},"end":{"line":35,"column":19}},"5":{"start":{"line":37,"column":8},"end":{"line":49,"column":13}},"6":{"start":{"line":38,"column":12},"end":{"line":48,"column":13}},"7":{"start":{"line":39,"column":16},"end":{"line":42,"column":30}},"8":{"start":{"line":44,"column":16},"end":{"line":47,"column":27}},"9":{"start":{"line":51,"column":8},"end":{"line":53,"column":21}},"10":{"start":{"line":55,"column":8},"end":{"line":57,"column":45}},"11":{"start":{"line":59,"column":8},"end":{"line":59,"column":35}},"12":{"start":{"line":61,"column":4},"end":{"line":325,"column":5}},"13":{"start":{"line":69,"column":8},"end":{"line":121,"column":10},"skip":true},"14":{"start":{"line":70,"column":12},"end":{"line":88,"column":13},"skip":true},"15":{"start":{"line":76,"column":16},"end":{"line":87,"column":19},"skip":true},"16":{"start":{"line":79,"column":20},"end":{"line":86,"column":21},"skip":true},"17":{"start":{"line":82,"column":24},"end":{"line":82,"column":43},"skip":true},"18":{"start":{"line":83,"column":24},"end":{"line":83,"column":30},"skip":true},"19":{"start":{"line":85,"column":24},"end":{"line":85,"column":49},"skip":true},"20":{"start":{"line":89,"column":12},"end":{"line":107,"column":13},"skip":true},"21":{"start":{"line":92,"column":16},"end":{"line":102,"column":17},"skip":true},"22":{"start":{"line":93,"column":20},"end":{"line":93,"column":86},"skip":true},"23":{"start":{"line":94,"column":20},"end":{"line":95,"column":45},"skip":true},"24":{"start":{"line":96,"column":20},"end":{"line":96,"column":42},"skip":true},"25":{"start":{"line":97,"column":20},"end":{"line":97,"column":48},"skip":true},"26":{"start":{"line":100,"column":20},"end":{"line":100,"column":85},"skip":true},"27":{"start":{"line":101,"column":20},"end":{"line":101,"column":96},"skip":true},"28":{"start":{"line":103,"column":16},"end":{"line":103,"column":22},"skip":true},"29":{"start":{"line":106,"column":16},"end":{"line":106,"column":22},"skip":true},"30":{"start":{"line":108,"column":12},"end":{"line":120,"column":13},"skip":true},"31":{"start":{"line":114,"column":16},"end":{"line":119,"column":17},"skip":true},"32":{"start":{"line":116,"column":20},"end":{"line":116,"column":78},"skip":true},"33":{"start":{"line":118,"column":20},"end":{"line":118,"column":47},"skip":true},"34":{"start":{"line":123,"column":8},"end":{"line":141,"column":11},"skip":true},"35":{"start":{"line":124,"column":12},"end":{"line":124,"column":54},"skip":true},"36":{"start":{"line":125,"column":12},"end":{"line":140,"column":14},"skip":true},"37":{"start":{"line":126,"column":16},"end":{"line":126,"column":28},"skip":true},"38":{"start":{"line":127,"column":16},"end":{"line":127,"column":69},"skip":true},"39":{"start":{"line":128,"column":16},"end":{"line":128,"column":75},"skip":true},"40":{"start":{"line":129,"column":16},"end":{"line":131,"column":17},"skip":true},"41":{"start":{"line":130,"column":20},"end":{"line":130,"column":27},"skip":true},"42":{"start":{"line":133,"column":16},"end":{"line":137,"column":36},"skip":true},"43":{"start":{"line":134,"column":20},"end":{"line":136,"column":55},"skip":true},"44":{"start":{"line":139,"column":16},"end":{"line":139,"column":57},"skip":true},"45":{"start":{"line":143,"column":8},"end":{"line":147,"column":11},"skip":true},"46":{"start":{"line":144,"column":12},"end":{"line":146,"column":15},"skip":true},"47":{"start":{"line":145,"column":16},"end":{"line":145,"column":70},"skip":true},"48":{"start":{"line":149,"column":8},"end":{"line":149,"column":31},"skip":true},"49":{"start":{"line":150,"column":8},"end":{"line":150,"column":14},"skip":true},"50":{"start":{"line":158,"column":8},"end":{"line":158,"column":31},"skip":true},"51":{"start":{"line":160,"column":8},"end":{"line":160,"column":33},"skip":true},"52":{"start":{"line":161,"column":8},"end":{"line":161,"column":37},"skip":true},"53":{"start":{"line":162,"column":8},"end":{"line":162,"column":35},"skip":true},"54":{"start":{"line":164,"column":8},"end":{"line":164,"column":50},"skip":true},"55":{"start":{"line":166,"column":8},"end":{"line":256,"column":2},"skip":true},"56":{"start":{"line":258,"column":8},"end":{"line":286,"column":9},"skip":true},"57":{"start":{"line":259,"column":12},"end":{"line":269,"column":14},"skip":true},"58":{"start":{"line":271,"column":12},"end":{"line":285,"column":19},"skip":true},"59":{"start":{"line":274,"column":20},"end":{"line":274,"column":35},"skip":true},"60":{"start":{"line":275,"column":20},"end":{"line":284,"column":21},"skip":true},"61":{"start":{"line":277,"column":24},"end":{"line":277,"column":64},"skip":true},"62":{"start":{"line":279,"column":24},"end":{"line":279,"column":40},"skip":true},"63":{"start":{"line":281,"column":24},"end":{"line":281,"column":40},"skip":true},"64":{"start":{"line":283,"column":24},"end":{"line":283,"column":39},"skip":true},"65":{"start":{"line":288,"column":8},"end":{"line":290,"column":9},"skip":true},"66":{"start":{"line":289,"column":12},"end":{"line":289,"column":18},"skip":true},"67":{"start":{"line":291,"column":8},"end":{"line":293,"column":54},"skip":true},"68":{"start":{"line":296,"column":8},"end":{"line":301,"column":37},"skip":true},"69":{"start":{"line":303,"column":8},"end":{"line":303,"column":82},"skip":true},"70":{"start":{"line":306,"column":8},"end":{"line":308,"column":9},"skip":true},"71":{"start":{"line":307,"column":12},"end":{"line":307,"column":82},"skip":true},"72":{"start":{"line":310,"column":8},"end":{"line":312,"column":9},"skip":true},"73":{"start":{"line":311,"column":12},"end":{"line":311,"column":18},"skip":true},"74":{"start":{"line":313,"column":8},"end":{"line":313,"column":54},"skip":true},"75":{"start":{"line":314,"column":8},"end":{"line":314,"column":69},"skip":true},"76":{"start":{"line":315,"column":8},"end":{"line":323,"column":36},"skip":true},"77":{"start":{"line":316,"column":12},"end":{"line":316,"column":61},"skip":true},"78":{"start":{"line":317,"column":12},"end":{"line":320,"column":13},"skip":true},"79":{"start":{"line":318,"column":16},"end":{"line":318,"column":75},"skip":true},"80":{"start":{"line":319,"column":16},"end":{"line":319,"column":23},"skip":true},"81":{"start":{"line":321,"column":12},"end":{"line":321,"column":38},"skip":true},"82":{"start":{"line":322,"column":12},"end":{"line":322,"column":27},"skip":true},"83":{"start":{"line":324,"column":8},"end":{"line":324,"column":14},"skip":true}},"branchMap":{"1":{"line":39,"type":"binary-expr","locations":[{"start":{"line":39,"column":23},"end":{"line":39,"column":62}},{"start":{"line":40,"column":20},"end":{"line":40,"column":70}},{"start":{"line":41,"column":20},"end":{"line":41,"column":71}},{"start":{"line":42,"column":20},"end":{"line":42,"column":29}}]},"2":{"line":44,"type":"binary-expr","locations":[{"start":{"line":44,"column":23},"end":{"line":44,"column":37}},{"start":{"line":45,"column":20},"end":{"line":45,"column":61}},{"start":{"line":46,"column":20},"end":{"line":46,"column":70}},{"start":{"line":47,"column":20},"end":{"line":47,"column":26}}]},"3":{"line":51,"type":"cond-expr","locations":[{"start":{"line":52,"column":14},"end":{"line":52,"column":20}},{"start":{"line":53,"column":14},"end":{"line":53,"column":20}}]},"4":{"line":55,"type":"binary-expr","locations":[{"start":{"line":55,"column":16},"end":{"line":55,"column":44}},{"start":{"line":55,"column":49},"end":{"line":57,"column":43}}]},"5":{"line":55,"type":"cond-expr","locations":[{"start":{"line":56,"column":14},"end":{"line":56,"column":72}},{"start":{"line":57,"column":14},"end":{"line":57,"column":43}}]},"6":{"line":61,"type":"switch","locations":[{"start":{"line":68,"column":4},"end":{"line":150,"column":14},"skip":true},{"start":{"line":156,"column":4},"end":{"line":324,"column":14},"skip":true}]},"7":{"line":70,"type":"if","locations":[{"start":{"line":70,"column":12},"end":{"line":70,"column":12},"skip":true},{"start":{"line":70,"column":12},"end":{"line":70,"column":12},"skip":true}]},"8":{"line":70,"type":"binary-expr","locations":[{"start":{"line":70,"column":16},"end":{"line":70,"column":22},"skip":true},{"start":{"line":70,"column":27},"end":{"line":70,"column":32},"skip":true},{"start":{"line":71,"column":20},"end":{"line":71,"column":39},"skip":true},{"start":{"line":72,"column":20},"end":{"line":72,"column":49},"skip":true},{"start":{"line":73,"column":20},"end":{"line":73,"column":58},"skip":true},{"start":{"line":74,"column":20},"end":{"line":74,"column":69},"skip":true}]},"9":{"line":79,"type":"switch","locations":[{"start":{"line":80,"column":20},"end":{"line":80,"column":33},"skip":true},{"start":{"line":81,"column":20},"end":{"line":83,"column":30},"skip":true},{"start":{"line":84,"column":20},"end":{"line":85,"column":49},"skip":true}]},"10":{"line":89,"type":"switch","locations":[{"start":{"line":90,"column":12},"end":{"line":103,"column":22},"skip":true},{"start":{"line":105,"column":12},"end":{"line":106,"column":22},"skip":true}]},"11":{"line":89,"type":"binary-expr","locations":[{"start":{"line":89,"column":20},"end":{"line":89,"column":25},"skip":true},{"start":{"line":89,"column":29},"end":{"line":89,"column":48},"skip":true},{"start":{"line":89,"column":52},"end":{"line":89,"column":74},"skip":true}]},"12":{"line":92,"type":"if","locations":[{"start":{"line":92,"column":16},"end":{"line":92,"column":16},"skip":true},{"start":{"line":92,"column":16},"end":{"line":92,"column":16},"skip":true}]},"13":{"line":108,"type":"if","locations":[{"start":{"line":108,"column":12},"end":{"line":108,"column":12},"skip":true},{"start":{"line":108,"column":12},"end":{"line":108,"column":12},"skip":true}]},"14":{"line":108,"type":"binary-expr","locations":[{"start":{"line":108,"column":16},"end":{"line":108,"column":61},"skip":true},{"start":{"line":108,"column":66},"end":{"line":108,"column":72},"skip":true},{"start":{"line":108,"column":77},"end":{"line":108,"column":82},"skip":true},{"start":{"line":109,"column":20},"end":{"line":109,"column":39},"skip":true},{"start":{"line":110,"column":20},"end":{"line":110,"column":49},"skip":true},{"start":{"line":111,"column":20},"end":{"line":111,"column":58},"skip":true},{"start":{"line":112,"column":20},"end":{"line":112,"column":68},"skip":true}]},"15":{"line":129,"type":"if","locations":[{"start":{"line":129,"column":16},"end":{"line":129,"column":16},"skip":true},{"start":{"line":129,"column":16},"end":{"line":129,"column":16},"skip":true}]},"16":{"line":134,"type":"cond-expr","locations":[{"start":{"line":135,"column":26},"end":{"line":135,"column":29},"skip":true},{"start":{"line":136,"column":26},"end":{"line":136,"column":54},"skip":true}]},"17":{"line":164,"type":"binary-expr","locations":[{"start":{"line":164,"column":27},"end":{"line":164,"column":43},"skip":true},{"start":{"line":164,"column":47},"end":{"line":164,"column":49},"skip":true}]},"18":{"line":258,"type":"if","locations":[{"start":{"line":258,"column":8},"end":{"line":258,"column":8},"skip":true},{"start":{"line":258,"column":8},"end":{"line":258,"column":8},"skip":true}]},"19":{"line":275,"type":"switch","locations":[{"start":{"line":276,"column":20},"end":{"line":277,"column":64},"skip":true},{"start":{"line":278,"column":20},"end":{"line":279,"column":40},"skip":true},{"start":{"line":280,"column":20},"end":{"line":281,"column":40},"skip":true},{"start":{"line":282,"column":20},"end":{"line":283,"column":39},"skip":true}]},"20":{"line":288,"type":"if","locations":[{"start":{"line":288,"column":8},"end":{"line":288,"column":8},"skip":true},{"start":{"line":288,"column":8},"end":{"line":288,"column":8},"skip":true}]},"21":{"line":288,"type":"binary-expr","locations":[{"start":{"line":288,"column":12},"end":{"line":288,"column":40},"skip":true},{"start":{"line":288,"column":44},"end":{"line":288,"column":67},"skip":true}]},"22":{"line":292,"type":"binary-expr","locations":[{"start":{"line":292,"column":12},"end":{"line":292,"column":50},"skip":true},{"start":{"line":293,"column":12},"end":{"line":293,"column":53},"skip":true}]},"23":{"line":297,"type":"binary-expr","locations":[{"start":{"line":297,"column":12},"end":{"line":297,"column":86},"skip":true},{"start":{"line":298,"column":12},"end":{"line":301,"column":36},"skip":true}]},"24":{"line":303,"type":"binary-expr","locations":[{"start":{"line":303,"column":43},"end":{"line":303,"column":75},"skip":true},{"start":{"line":303,"column":79},"end":{"line":303,"column":81},"skip":true}]},"25":{"line":306,"type":"if","locations":[{"start":{"line":306,"column":8},"end":{"line":306,"column":8},"skip":true},{"start":{"line":306,"column":8},"end":{"line":306,"column":8},"skip":true}]},"26":{"line":310,"type":"if","locations":[{"start":{"line":310,"column":8},"end":{"line":310,"column":8},"skip":true},{"start":{"line":310,"column":8},"end":{"line":310,"column":8},"skip":true}]},"27":{"line":313,"type":"binary-expr","locations":[{"start":{"line":313,"column":27},"end":{"line":313,"column":43},"skip":true},{"start":{"line":313,"column":47},"end":{"line":313,"column":53},"skip":true}]},"28":{"line":317,"type":"if","locations":[{"start":{"line":317,"column":12},"end":{"line":317,"column":12},"skip":true},{"start":{"line":317,"column":12},"end":{"line":317,"column":12},"skip":true}]}},"code":["/*","example.js","","quickstart example","","instruction","    1. save this script as example.js","    2. run the shell command:","        $ npm install npmtest-cordova-plugin-file-transfer && PORT=8081 node example.js","    3. play with the browser-demo on http://127.0.0.1:8081","*/","","","","/* istanbul instrument in package npmtest_cordova_plugin_file_transfer */","/*jslint","    bitwise: true,","    browser: true,","    maxerr: 8,","    maxlen: 96,","    node: true,","    nomen: true,","    regexp: true,","    stupid: true","*/","(function () {","    'use strict';","    var local;","","","","    // run shared js-env code - pre-init","    (function () {","        // init local","        local = {};","        // init modeJs","        local.modeJs = (function () {","            try {","                return typeof navigator.userAgent === 'string' &&","                    typeof document.querySelector('body') === 'object' &&","                    typeof XMLHttpRequest.prototype.open === 'function' &&","                    'browser';","            } catch (errorCaughtBrowser) {","                return module.exports &&","                    typeof process.versions.node === 'string' &&","                    typeof require('http').createServer === 'function' &&","                    'node';","            }","        }());","        // init global","        local.global = local.modeJs === 'browser'","            ? window","            : global;","        // init utility2_rollup","        local = local.global.utility2_rollup || (local.modeJs === 'browser'","            ? local.global.utility2_npmtest_cordova_plugin_file_transfer","            : global.utility2_moduleExports);","        // export local","        local.global.local = local;","    }());","    switch (local.modeJs) {","","","","    // post-init","    // run browser js-env code - post-init","    /* istanbul ignore next */","    case 'browser':","        local.testRunBrowser = function (event) {","            if (!event || (event &&","                    event.currentTarget &&","                    event.currentTarget.className &&","                    event.currentTarget.className.includes &&","                    event.currentTarget.className.includes('onreset'))) {","                // reset output","                Array.from(","                    document.querySelectorAll('body > .resettable')","                ).forEach(function (element) {","                    switch (element.tagName) {","                    case 'INPUT':","                    case 'TEXTAREA':","                        element.value = '';","                        break;","                    default:","                        element.textContent = '';","                    }","                });","            }","            switch (event && event.currentTarget && event.currentTarget.id) {","            case 'testRunButton1':","                // show tests","                if (document.querySelector('#testReportDiv1').style.display === 'none') {","                    document.querySelector('#testReportDiv1').style.display = 'block';","                    document.querySelector('#testRunButton1').textContent =","                        'hide internal test';","                    local.modeTest = true;","                    local.testRunDefault(local);","                // hide tests","                } else {","                    document.querySelector('#testReportDiv1').style.display = 'none';","                    document.querySelector('#testRunButton1').textContent = 'run internal test';","                }","                break;","            // custom-case","            default:","                break;","            }","            if (document.querySelector('#inputTextareaEval1') && (!event || (event &&","                    event.currentTarget &&","                    event.currentTarget.className &&","                    event.currentTarget.className.includes &&","                    event.currentTarget.className.includes('oneval')))) {","                // try to eval input-code","                try {","                    /*jslint evil: true*/","                    eval(document.querySelector('#inputTextareaEval1').value);","                } catch (errorCaught) {","                    console.error(errorCaught);","                }","            }","        };","        // log stderr and stdout to #outputTextareaStdout1","        ['error', 'log'].forEach(function (key) {","            console[key + '_original'] = console[key];","            console[key] = function () {","                var element;","                console[key + '_original'].apply(console, arguments);","                element = document.querySelector('#outputTextareaStdout1');","                if (!element) {","                    return;","                }","                // append text to #outputTextareaStdout1","                element.value += Array.from(arguments).map(function (arg) {","                    return typeof arg === 'string'","                        ? arg","                        : JSON.stringify(arg, null, 4);","                }).join(' ') + '\\n';","                // scroll textarea to bottom","                element.scrollTop = element.scrollHeight;","            };","        });","        // init event-handling","        ['change', 'click', 'keyup'].forEach(function (event) {","            Array.from(document.querySelectorAll('.on' + event)).forEach(function (element) {","                element.addEventListener(event, local.testRunBrowser);","            });","        });","        // run tests","        local.testRunBrowser();","        break;","","","","    // run node js-env code - post-init","    /* istanbul ignore next */","    case 'node':","        // export local","        module.exports = local;","        // require modules","        local.fs = require('fs');","        local.http = require('http');","        local.url = require('url');","        // init assets","        local.assetsDict = local.assetsDict || {};","        /* jslint-ignore-begin */","        local.assetsDict['/assets.index.template.html'] = '\\","<!doctype html>\\n\\","<html lang=\"en\">\\n\\","<head>\\n\\","<meta charset=\"UTF-8\">\\n\\","<meta name=\"viewport\" content=\"width=device-width, initial-scale=1\">\\n\\","<title>{{env.npm_package_name}} (v{{env.npm_package_version}})</title>\\n\\","<style>\\n\\","/*csslint\\n\\","    box-sizing: false,\\n\\","    universal-selector: false\\n\\","*/\\n\\","* {\\n\\","    box-sizing: border-box;\\n\\","}\\n\\","body {\\n\\","    background: #dde;\\n\\","    font-family: Arial, Helvetica, sans-serif;\\n\\","    margin: 2rem;\\n\\","}\\n\\","body > * {\\n\\","    margin-bottom: 1rem;\\n\\","}\\n\\",".utility2FooterDiv {\\n\\","    margin-top: 20px;\\n\\","    text-align: center;\\n\\","}\\n\\","</style>\\n\\","<style>\\n\\","/*csslint\\n\\","*/\\n\\","textarea {\\n\\","    font-family: monospace;\\n\\","    height: 10rem;\\n\\","    width: 100%;\\n\\","}\\n\\","textarea[readonly] {\\n\\","    background: #ddd;\\n\\","}\\n\\","</style>\\n\\","</head>\\n\\","<body>\\n\\","<!-- utility2-comment\\n\\","<div id=\"ajaxProgressDiv1\" style=\"background: #d00; height: 2px; left: 0; margin: 0; padding: 0; position: fixed; top: 0; transition: background 0.5s, width 1.5s; width: 25%;\"></div>\\n\\","utility2-comment -->\\n\\","<h1>\\n\\","<!-- utility2-comment\\n\\","    <a\\n\\","        {{#if env.npm_package_homepage}}\\n\\","        href=\"{{env.npm_package_homepage}}\"\\n\\","        {{/if env.npm_package_homepage}}\\n\\","        target=\"_blank\"\\n\\","    >\\n\\","utility2-comment -->\\n\\","        {{env.npm_package_name}} (v{{env.npm_package_version}})\\n\\","<!-- utility2-comment\\n\\","    </a>\\n\\","utility2-comment -->\\n\\","</h1>\\n\\","<h3>{{env.npm_package_description}}</h3>\\n\\","<!-- utility2-comment\\n\\","<h4><a download href=\"assets.app.js\">download standalone app</a></h4>\\n\\","<button class=\"onclick onreset\" id=\"testRunButton1\">run internal test</button><br>\\n\\","<div id=\"testReportDiv1\" style=\"display: none;\"></div>\\n\\","utility2-comment -->\\n\\","\\n\\","\\n\\","\\n\\","<label>stderr and stdout</label>\\n\\","<textarea class=\"resettable\" id=\"outputTextareaStdout1\" readonly></textarea>\\n\\","<!-- utility2-comment\\n\\","{{#if isRollup}}\\n\\","<script src=\"assets.app.js\"></script>\\n\\","{{#unless isRollup}}\\n\\","utility2-comment -->\\n\\","<script src=\"assets.utility2.rollup.js\"></script>\\n\\","<script src=\"jsonp.utility2._stateInit?callback=window.utility2._stateInit\"></script>\\n\\","<script src=\"assets.npmtest_cordova_plugin_file_transfer.rollup.js\"></script>\\n\\","<script src=\"assets.example.js\"></script>\\n\\","<script src=\"assets.test.js\"></script>\\n\\","<!-- utility2-comment\\n\\","{{/if isRollup}}\\n\\","utility2-comment -->\\n\\","<div class=\"utility2FooterDiv\">\\n\\","    [ this app was created with\\n\\","    <a href=\"https://github.com/kaizhu256/node-utility2\" target=\"_blank\">utility2</a>\\n\\","    ]\\n\\","</div>\\n\\","</body>\\n\\","</html>\\n\\","';","        /* jslint-ignore-end */","        if (local.templateRender) {","            local.assetsDict['/'] = local.templateRender(","                local.assetsDict['/assets.index.template.html'],","                {","                    env: local.objectSetDefault(local.env, {","                        npm_package_description: 'the greatest app in the world!',","                        npm_package_name: 'my-app',","                        npm_package_nameAlias: 'my_app',","                        npm_package_version: '0.0.1'","                    })","                }","            );","        } else {","            local.assetsDict['/'] = local.assetsDict['/assets.index.template.html']","                .replace((/\\{\\{env\\.(\\w+?)\\}\\}/g), function (match0, match1) {","                    // jslint-hack","                    String(match0);","                    switch (match1) {","                    case 'npm_package_description':","                        return 'the greatest app in the world!';","                    case 'npm_package_name':","                        return 'my-app';","                    case 'npm_package_nameAlias':","                        return 'my_app';","                    case 'npm_package_version':","                        return '0.0.1';","                    }","                });","        }","        // run the cli","        if (local.global.utility2_rollup || module !== require.main) {","            break;","        }","        local.assetsDict['/assets.example.js'] =","            local.assetsDict['/assets.example.js'] ||","            local.fs.readFileSync(__filename, 'utf8');","        // bug-workaround - long $npm_package_buildCustomOrg","        /* jslint-ignore-begin */","        local.assetsDict['/assets.npmtest_cordova_plugin_file_transfer.rollup.js'] =","            local.assetsDict['/assets.npmtest_cordova_plugin_file_transfer.rollup.js'] ||","            local.fs.readFileSync(","                local.npmtest_cordova_plugin_file_transfer.__dirname + '/lib.npmtest_cordova_plugin_file_transfer.js',","                'utf8'","            ).replace((/^#!/), '//');","        /* jslint-ignore-end */","        local.assetsDict['/favicon.ico'] = local.assetsDict['/favicon.ico'] || '';","        // if $npm_config_timeout_exit exists,","        // then exit this process after $npm_config_timeout_exit ms","        if (Number(process.env.npm_config_timeout_exit)) {","            setTimeout(process.exit, Number(process.env.npm_config_timeout_exit));","        }","        // start server","        if (local.global.utility2_serverHttp1) {","            break;","        }","        process.env.PORT = process.env.PORT || '8081';","        console.error('server starting on port ' + process.env.PORT);","        local.http.createServer(function (request, response) {","            request.urlParsed = local.url.parse(request.url);","            if (local.assetsDict[request.urlParsed.pathname] !== undefined) {","                response.end(local.assetsDict[request.urlParsed.pathname]);","                return;","            }","            response.statusCode = 404;","            response.end();","        }).listen(process.env.PORT);","        break;","    }","}());",""],"l":{"26":2,"28":2,"33":2,"35":2,"37":2,"38":2,"39":2,"44":1,"51":2,"55":2,"59":2,"61":2,"69":1,"70":2,"76":2,"79":2,"82":2,"83":2,"85":1,"89":2,"92":1,"93":1,"94":1,"96":1,"97":1,"100":1,"101":1,"103":1,"106":1,"108":2,"114":1,"116":1,"118":1,"123":1,"124":2,"125":2,"126":3,"127":3,"128":3,"129":3,"130":1,"133":3,"134":3,"139":3,"143":1,"144":3,"145":1,"149":1,"150":1,"158":1,"160":1,"161":1,"162":1,"164":1,"166":1,"258":1,"259":1,"271":1,"274":6,"275":6,"277":1,"279":2,"281":1,"283":2,"288":1,"289":1,"291":1,"296":1,"303":1,"306":1,"307":1,"310":1,"311":1,"313":1,"314":1,"315":1,"316":1,"317":1,"318":1,"319":1,"321":1,"322":1,"324":1}},"/home/travis/build/npmtest/node-npmtest-cordova-plugin-file-transfer/node_modules/cordova-plugin-file-transfer/www/FileTransferError.js":{"path":"/home/travis/build/npmtest/node-npmtest-cordova-plugin-file-transfer/node_modules/cordova-plugin-file-transfer/www/FileTransferError.js","s":{"1":1,"2":0,"3":0,"4":0,"5":0,"6":0,"7":0,"8":1,"9":1,"10":1,"11":1,"12":1,"13":1},"b":{"1":[0,0],"2":[0,0],"3":[0,0],"4":[0,0],"5":[0,0],"6":[0,0]},"f":{"1":0},"fnMap":{"1":{"name":"(anonymous_1)","line":26,"loc":{"start":{"line":26,"column":24},"end":{"line":26,"column":80}}}},"statementMap":{"1":{"start":{"line":26,"column":0},"end":{"line":33,"column":2}},"2":{"start":{"line":27,"column":4},"end":{"line":27,"column":29}},"3":{"start":{"line":28,"column":4},"end":{"line":28,"column":33}},"4":{"start":{"line":29,"column":4},"end":{"line":29,"column":33}},"5":{"start":{"line":30,"column":4},"end":{"line":30,"column":38}},"6":{"start":{"line":31,"column":4},"end":{"line":31,"column":29}},"7":{"start":{"line":32,"column":4},"end":{"line":32,"column":39}},"8":{"start":{"line":35,"column":0},"end":{"line":35,"column":41}},"9":{"start":{"line":36,"column":0},"end":{"line":36,"column":38}},"10":{"start":{"line":37,"column":0},"end":{"line":37,"column":37}},"11":{"start":{"line":38,"column":0},"end":{"line":38,"column":32}},"12":{"start":{"line":39,"column":0},"end":{"line":39,"column":39}},"13":{"start":{"line":41,"column":0},"end":{"line":41,"column":35}}},"branchMap":{"1":{"line":27,"type":"binary-expr","locations":[{"start":{"line":27,"column":16},"end":{"line":27,"column":20}},{"start":{"line":27,"column":24},"end":{"line":27,"column":28}}]},"2":{"line":28,"type":"binary-expr","locations":[{"start":{"line":28,"column":18},"end":{"line":28,"column":24}},{"start":{"line":28,"column":28},"end":{"line":28,"column":32}}]},"3":{"line":29,"type":"binary-expr","locations":[{"start":{"line":29,"column":18},"end":{"line":29,"column":24}},{"start":{"line":29,"column":28},"end":{"line":29,"column":32}}]},"4":{"line":30,"type":"binary-expr","locations":[{"start":{"line":30,"column":23},"end":{"line":30,"column":29}},{"start":{"line":30,"column":33},"end":{"line":30,"column":37}}]},"5":{"line":31,"type":"binary-expr","locations":[{"start":{"line":31,"column":16},"end":{"line":31,"column":20}},{"start":{"line":31,"column":24},"end":{"line":31,"column":28}}]},"6":{"line":32,"type":"binary-expr","locations":[{"start":{"line":32,"column":21},"end":{"line":32,"column":30}},{"start":{"line":32,"column":34},"end":{"line":32,"column":38}}]}},"code":["/*"," *"," * Licensed to the Apache Software Foundation (ASF) under one"," * or more contributor license agreements.  See the NOTICE file"," * distributed with this work for additional information"," * regarding copyright ownership.  The ASF licenses this file"," * to you under the Apache License, Version 2.0 (the"," * \"License\"); you may not use this file except in compliance"," * with the License.  You may obtain a copy of the License at"," *"," *   http://www.apache.org/licenses/LICENSE-2.0"," *"," * Unless required by applicable law or agreed to in writing,"," * software distributed under the License is distributed on an"," * \"AS IS\" BASIS, WITHOUT WARRANTIES OR CONDITIONS OF ANY"," * KIND, either express or implied.  See the License for the"," * specific language governing permissions and limitations"," * under the License."," *","*/","","/**"," * FileTransferError"," * @constructor"," */","var FileTransferError = function(code, source, target, status, body, exception) {","    this.code = code || null;","    this.source = source || null;","    this.target = target || null;","    this.http_status = status || null;","    this.body = body || null;","    this.exception = exception || null;","};","","FileTransferError.FILE_NOT_FOUND_ERR = 1;","FileTransferError.INVALID_URL_ERR = 2;","FileTransferError.CONNECTION_ERR = 3;","FileTransferError.ABORT_ERR = 4;","FileTransferError.NOT_MODIFIED_ERR = 5;","","module.exports = FileTransferError;",""],"l":{"26":1,"27":0,"28":0,"29":0,"30":0,"31":0,"32":0,"35":1,"36":1,"37":1,"38":1,"39":1,"41":1}},"/home/travis/build/npmtest/node-npmtest-cordova-plugin-file-transfer/node_modules/cordova-plugin-file-transfer/www/FileTransfer.js":{"path":"/home/travis/build/npmtest/node-npmtest-cordova-plugin-file-transfer/node_modules/cordova-plugin-file-transfer/www/FileTransfer.js","s":{"1":2,"2":1,"3":0,"4":0,"5":0,"6":0,"7":0,"8":1,"9":0,"10":0,"11":1,"12":0,"13":0,"14":0,"15":0,"16":0,"17":0,"18":0,"19":0,"20":1,"21":0,"22":0,"23":0,"24":0,"25":0,"26":0,"27":0,"28":0,"29":0,"30":0,"31":0,"32":0,"33":0,"34":0,"35":0,"36":0,"37":0,"38":0,"39":0,"40":0,"41":0,"42":0,"43":0,"44":0,"45":0,"46":0,"47":0,"48":0,"49":0,"50":0,"51":0,"52":0,"53":0,"54":0,"55":0,"56":0,"57":0,"58":0,"59":0,"60":0,"61":0,"62":0,"63":0,"64":0,"65":0,"66":0,"67":0,"68":0,"69":0,"70":0,"71":0,"72":0,"73":0,"74":0,"75":0,"76":0,"77":0,"78":0,"79":0,"80":0,"81":0,"82":0,"83":0,"84":0,"85":0,"86":0,"87":0,"88":0,"89":0,"90":0,"91":0,"92":0,"93":0,"94":0,"95":0,"96":0,"97":0,"98":0,"99":0,"100":0,"101":0,"102":0,"103":0,"104":0,"105":0,"106":0,"107":0,"108":0,"109":0,"110":0,"111":0},"b":{"1":[0,0],"2":[0,0],"3":[0,0],"4":[0,0],"5":[0,0],"6":[0,0],"7":[0,0],"8":[0,0],"9":[0,0],"10":[0,0],"11":[0,0],"12":[0,0],"13":[0,0],"14":[0,0],"15":[0,0],"16":[0,0],"17":[0,0],"18":[0,0],"19":[0,0],"20":[0,0],"21":[0,0],"22":[0,0],"23":[0,0],"24":[0,0],"25":[0,0],"26":[0,0],"27":[0,0],"28":[0,0],"29":[0,0],"30":[0,0],"31":[0,0],"32":[0,0],"33":[0,0],"34":[0,0],"35":[0,0]},"f":{"1":0,"2":0,"3":0,"4":0,"5":0,"6":0,"7":0,"8":0,"9":0,"10":0,"11":0,"12":0},"fnMap":{"1":{"name":"newProgressEvent","line":29,"loc":{"start":{"line":29,"column":0},"end":{"line":29,"column":34}}},"2":{"name":"getUrlCredentials","line":37,"loc":{"start":{"line":37,"column":0},"end":{"line":37,"column":38}}},"3":{"name":"getBasicAuthHeader","line":44,"loc":{"start":{"line":44,"column":0},"end":{"line":44,"column":39}}},"4":{"name":"convertHeadersToArray","line":68,"loc":{"start":{"line":68,"column":0},"end":{"line":68,"column":40}}},"5":{"name":"(anonymous_5)","line":88,"loc":{"start":{"line":88,"column":19},"end":{"line":88,"column":30}}},"6":{"name":"(anonymous_6)","line":103,"loc":{"start":{"line":103,"column":32},"end":{"line":103,"column":115}}},"7":{"name":"(anonymous_7)","line":149,"loc":{"start":{"line":149,"column":32},"end":{"line":149,"column":44}}},"8":{"name":"(anonymous_8)","line":155,"loc":{"start":{"line":155,"column":14},"end":{"line":155,"column":31}}},"9":{"name":"(anonymous_9)","line":178,"loc":{"start":{"line":178,"column":34},"end":{"line":178,"column":115}}},"10":{"name":"(anonymous_10)","line":200,"loc":{"start":{"line":200,"column":14},"end":{"line":200,"column":31}}},"11":{"name":"(anonymous_11)","line":223,"loc":{"start":{"line":223,"column":32},"end":{"line":223,"column":44}}},"12":{"name":"(anonymous_12)","line":235,"loc":{"start":{"line":235,"column":31},"end":{"line":235,"column":42}}}},"statementMap":{"1":{"start":{"line":24,"column":0},"end":{"line":27,"column":65}},"2":{"start":{"line":29,"column":0},"end":{"line":35,"column":1}},"3":{"start":{"line":30,"column":4},"end":{"line":30,"column":33}},"4":{"start":{"line":31,"column":4},"end":{"line":31,"column":50}},"5":{"start":{"line":32,"column":4},"end":{"line":32,"column":30}},"6":{"start":{"line":33,"column":4},"end":{"line":33,"column":28}},"7":{"start":{"line":34,"column":4},"end":{"line":34,"column":14}},"8":{"start":{"line":37,"column":0},"end":{"line":42,"column":1}},"9":{"start":{"line":38,"column":4},"end":{"line":39,"column":57}},"10":{"start":{"line":41,"column":4},"end":{"line":41,"column":41}},"11":{"start":{"line":44,"column":0},"end":{"line":66,"column":1}},"12":{"start":{"line":45,"column":4},"end":{"line":45,"column":23}},"13":{"start":{"line":52,"column":4},"end":{"line":63,"column":5}},"14":{"start":{"line":53,"column":8},"end":{"line":53,"column":55}},"15":{"start":{"line":54,"column":8},"end":{"line":62,"column":9}},"16":{"start":{"line":55,"column":12},"end":{"line":55,"column":45}},"17":{"start":{"line":56,"column":12},"end":{"line":56,"column":70}},"18":{"start":{"line":58,"column":12},"end":{"line":61,"column":14}},"19":{"start":{"line":65,"column":4},"end":{"line":65,"column":18}},"20":{"start":{"line":68,"column":0},"end":{"line":80,"column":1}},"21":{"start":{"line":69,"column":4},"end":{"line":69,"column":20}},"22":{"start":{"line":70,"column":4},"end":{"line":78,"column":5}},"23":{"start":{"line":71,"column":8},"end":{"line":77,"column":9}},"24":{"start":{"line":72,"column":12},"end":{"line":72,"column":46}},"25":{"start":{"line":73,"column":12},"end":{"line":76,"column":15}},"26":{"start":{"line":79,"column":4},"end":{"line":79,"column":18}},"27":{"start":{"line":82,"column":0},"end":{"line":82,"column":18}},"28":{"start":{"line":88,"column":0},"end":{"line":91,"column":2}},"29":{"start":{"line":89,"column":4},"end":{"line":89,"column":27}},"30":{"start":{"line":90,"column":4},"end":{"line":90,"column":27}},"31":{"start":{"line":103,"column":0},"end":{"line":167,"column":2}},"32":{"start":{"line":104,"column":4},"end":{"line":104,"column":68}},"33":{"start":{"line":106,"column":4},"end":{"line":106,"column":23}},"34":{"start":{"line":107,"column":4},"end":{"line":107,"column":24}},"35":{"start":{"line":108,"column":4},"end":{"line":108,"column":24}},"36":{"start":{"line":109,"column":4},"end":{"line":109,"column":22}},"37":{"start":{"line":110,"column":4},"end":{"line":110,"column":27}},"38":{"start":{"line":111,"column":4},"end":{"line":111,"column":23}},"39":{"start":{"line":112,"column":4},"end":{"line":112,"column":26}},"40":{"start":{"line":113,"column":4},"end":{"line":113,"column":53}},"41":{"start":{"line":114,"column":4},"end":{"line":120,"column":5}},"42":{"start":{"line":115,"column":8},"end":{"line":115,"column":69}},"43":{"start":{"line":117,"column":8},"end":{"line":117,"column":32}},"44":{"start":{"line":118,"column":8},"end":{"line":118,"column":48}},"45":{"start":{"line":119,"column":8},"end":{"line":119,"column":70}},"46":{"start":{"line":122,"column":4},"end":{"line":142,"column":5}},"47":{"start":{"line":123,"column":8},"end":{"line":123,"column":34}},"48":{"start":{"line":124,"column":8},"end":{"line":124,"column":36}},"49":{"start":{"line":125,"column":8},"end":{"line":125,"column":36}},"50":{"start":{"line":126,"column":8},"end":{"line":126,"column":34}},"51":{"start":{"line":127,"column":8},"end":{"line":127,"column":50}},"52":{"start":{"line":128,"column":8},"end":{"line":132,"column":9}},"53":{"start":{"line":129,"column":12},"end":{"line":129,"column":31}},"54":{"start":{"line":131,"column":12},"end":{"line":131,"column":32}},"55":{"start":{"line":133,"column":8},"end":{"line":135,"column":9}},"56":{"start":{"line":134,"column":12},"end":{"line":134,"column":46}},"57":{"start":{"line":136,"column":8},"end":{"line":141,"column":9}},"58":{"start":{"line":137,"column":12},"end":{"line":137,"column":36}},"59":{"start":{"line":140,"column":12},"end":{"line":140,"column":24}},"60":{"start":{"line":144,"column":4},"end":{"line":147,"column":5}},"61":{"start":{"line":145,"column":8},"end":{"line":145,"column":60}},"62":{"start":{"line":146,"column":8},"end":{"line":146,"column":57}},"63":{"start":{"line":149,"column":4},"end":{"line":152,"column":6}},"64":{"start":{"line":150,"column":8},"end":{"line":150,"column":106}},"65":{"start":{"line":151,"column":8},"end":{"line":151,"column":29}},"66":{"start":{"line":154,"column":4},"end":{"line":154,"column":20}},"67":{"start":{"line":155,"column":4},"end":{"line":165,"column":6}},"68":{"start":{"line":156,"column":8},"end":{"line":164,"column":9}},"69":{"start":{"line":157,"column":12},"end":{"line":159,"column":13}},"70":{"start":{"line":158,"column":16},"end":{"line":158,"column":58}},"71":{"start":{"line":161,"column":12},"end":{"line":163,"column":13}},"72":{"start":{"line":162,"column":16},"end":{"line":162,"column":40}},"73":{"start":{"line":166,"column":4},"end":{"line":166,"column":162}},"74":{"start":{"line":178,"column":0},"end":{"line":229,"column":2}},"75":{"start":{"line":179,"column":4},"end":{"line":179,"column":69}},"76":{"start":{"line":180,"column":4},"end":{"line":180,"column":20}},"77":{"start":{"line":182,"column":4},"end":{"line":182,"column":53}},"78":{"start":{"line":183,"column":4},"end":{"line":189,"column":5}},"79":{"start":{"line":184,"column":8},"end":{"line":184,"column":69}},"80":{"start":{"line":186,"column":8},"end":{"line":186,"column":32}},"81":{"start":{"line":187,"column":8},"end":{"line":187,"column":48}},"82":{"start":{"line":188,"column":8},"end":{"line":188,"column":70}},"83":{"start":{"line":191,"column":4},"end":{"line":191,"column":23}},"84":{"start":{"line":192,"column":4},"end":{"line":194,"column":5}},"85":{"start":{"line":193,"column":8},"end":{"line":193,"column":42}},"86":{"start":{"line":196,"column":4},"end":{"line":198,"column":5}},"87":{"start":{"line":197,"column":8},"end":{"line":197,"column":49}},"88":{"start":{"line":200,"column":4},"end":{"line":221,"column":6}},"89":{"start":{"line":201,"column":8},"end":{"line":220,"column":9}},"90":{"start":{"line":202,"column":12},"end":{"line":204,"column":13}},"91":{"start":{"line":203,"column":16},"end":{"line":203,"column":65}},"92":{"start":{"line":205,"column":15},"end":{"line":220,"column":9}},"93":{"start":{"line":206,"column":12},"end":{"line":206,"column":29}},"94":{"start":{"line":207,"column":12},"end":{"line":212,"column":13}},"95":{"start":{"line":208,"column":16},"end":{"line":208,"column":78}},"96":{"start":{"line":210,"column":17},"end":{"line":212,"column":13}},"97":{"start":{"line":211,"column":16},"end":{"line":211,"column":73}},"98":{"start":{"line":213,"column":12},"end":{"line":213,"column":51}},"99":{"start":{"line":214,"column":12},"end":{"line":214,"column":41}},"100":{"start":{"line":215,"column":12},"end":{"line":215,"column":37}},"101":{"start":{"line":216,"column":12},"end":{"line":216,"column":45}},"102":{"start":{"line":217,"column":12},"end":{"line":217,"column":142}},"103":{"start":{"line":218,"column":12},"end":{"line":218,"column":47}},"104":{"start":{"line":219,"column":12},"end":{"line":219,"column":35}},"105":{"start":{"line":223,"column":4},"end":{"line":226,"column":6}},"106":{"start":{"line":224,"column":8},"end":{"line":224,"column":106}},"107":{"start":{"line":225,"column":8},"end":{"line":225,"column":29}},"108":{"start":{"line":228,"column":4},"end":{"line":228,"column":100}},"109":{"start":{"line":235,"column":0},"end":{"line":237,"column":2}},"110":{"start":{"line":236,"column":4},"end":{"line":236,"column":58}},"111":{"start":{"line":239,"column":0},"end":{"line":239,"column":30}}},"branchMap":{"1":{"line":41,"type":"binary-expr","locations":[{"start":{"line":41,"column":11},"end":{"line":41,"column":22}},{"start":{"line":41,"column":26},"end":{"line":41,"column":40}}]},"2":{"line":52,"type":"if","locations":[{"start":{"line":52,"column":4},"end":{"line":52,"column":4}},{"start":{"line":52,"column":4},"end":{"line":52,"column":4}}]},"3":{"line":54,"type":"if","locations":[{"start":{"line":54,"column":8},"end":{"line":54,"column":8}},{"start":{"line":54,"column":8},"end":{"line":54,"column":8}}]},"4":{"line":71,"type":"if","locations":[{"start":{"line":71,"column":8},"end":{"line":71,"column":8}},{"start":{"line":71,"column":8},"end":{"line":71,"column":8}}]},"5":{"line":114,"type":"if","locations":[{"start":{"line":114,"column":4},"end":{"line":114,"column":4}},{"start":{"line":114,"column":4},"end":{"line":114,"column":4}}]},"6":{"line":117,"type":"binary-expr","locations":[{"start":{"line":117,"column":18},"end":{"line":117,"column":25}},{"start":{"line":117,"column":29},"end":{"line":117,"column":31}}]},"7":{"line":118,"type":"binary-expr","locations":[{"start":{"line":118,"column":26},"end":{"line":118,"column":41}},{"start":{"line":118,"column":45},"end":{"line":118,"column":47}}]},"8":{"line":122,"type":"if","locations":[{"start":{"line":122,"column":4},"end":{"line":122,"column":4}},{"start":{"line":122,"column":4},"end":{"line":122,"column":4}}]},"9":{"line":127,"type":"binary-expr","locations":[{"start":{"line":127,"column":21},"end":{"line":127,"column":39}},{"start":{"line":127,"column":43},"end":{"line":127,"column":49}}]},"10":{"line":128,"type":"if","locations":[{"start":{"line":128,"column":8},"end":{"line":128,"column":8}},{"start":{"line":128,"column":8},"end":{"line":128,"column":8}}]},"11":{"line":133,"type":"if","locations":[{"start":{"line":133,"column":8},"end":{"line":133,"column":8}},{"start":{"line":133,"column":8},"end":{"line":133,"column":8}}]},"12":{"line":133,"type":"binary-expr","locations":[{"start":{"line":133,"column":12},"end":{"line":133,"column":40}},{"start":{"line":133,"column":44},"end":{"line":133,"column":85}}]},"13":{"line":136,"type":"if","locations":[{"start":{"line":136,"column":8},"end":{"line":136,"column":8}},{"start":{"line":136,"column":8},"end":{"line":136,"column":8}}]},"14":{"line":144,"type":"if","locations":[{"start":{"line":144,"column":4},"end":{"line":144,"column":4}},{"start":{"line":144,"column":4},"end":{"line":144,"column":4}}]},"15":{"line":145,"type":"binary-expr","locations":[{"start":{"line":145,"column":18},"end":{"line":145,"column":25}},{"start":{"line":145,"column":29},"end":{"line":145,"column":59}}]},"16":{"line":146,"type":"binary-expr","locations":[{"start":{"line":146,"column":17},"end":{"line":146,"column":23}},{"start":{"line":146,"column":27},"end":{"line":146,"column":56}}]},"17":{"line":149,"type":"binary-expr","locations":[{"start":{"line":149,"column":15},"end":{"line":149,"column":28}},{"start":{"line":149,"column":32},"end":{"line":152,"column":5}}]},"18":{"line":156,"type":"if","locations":[{"start":{"line":156,"column":8},"end":{"line":156,"column":8}},{"start":{"line":156,"column":8},"end":{"line":156,"column":8}}]},"19":{"line":157,"type":"if","locations":[{"start":{"line":157,"column":12},"end":{"line":157,"column":12}},{"start":{"line":157,"column":12},"end":{"line":157,"column":12}}]},"20":{"line":161,"type":"if","locations":[{"start":{"line":161,"column":12},"end":{"line":161,"column":12}},{"start":{"line":161,"column":12},"end":{"line":161,"column":12}}]},"21":{"line":183,"type":"if","locations":[{"start":{"line":183,"column":4},"end":{"line":183,"column":4}},{"start":{"line":183,"column":4},"end":{"line":183,"column":4}}]},"22":{"line":186,"type":"binary-expr","locations":[{"start":{"line":186,"column":18},"end":{"line":186,"column":25}},{"start":{"line":186,"column":29},"end":{"line":186,"column":31}}]},"23":{"line":187,"type":"binary-expr","locations":[{"start":{"line":187,"column":26},"end":{"line":187,"column":41}},{"start":{"line":187,"column":45},"end":{"line":187,"column":47}}]},"24":{"line":192,"type":"if","locations":[{"start":{"line":192,"column":4},"end":{"line":192,"column":4}},{"start":{"line":192,"column":4},"end":{"line":192,"column":4}}]},"25":{"line":193,"type":"binary-expr","locations":[{"start":{"line":193,"column":18},"end":{"line":193,"column":33}},{"start":{"line":193,"column":37},"end":{"line":193,"column":41}}]},"26":{"line":196,"type":"if","locations":[{"start":{"line":196,"column":4},"end":{"line":196,"column":4}},{"start":{"line":196,"column":4},"end":{"line":196,"column":4}}]},"27":{"line":196,"type":"binary-expr","locations":[{"start":{"line":196,"column":8},"end":{"line":196,"column":45}},{"start":{"line":196,"column":49},"end":{"line":196,"column":56}}]},"28":{"line":201,"type":"if","locations":[{"start":{"line":201,"column":8},"end":{"line":201,"column":8}},{"start":{"line":201,"column":8},"end":{"line":201,"column":8}}]},"29":{"line":202,"type":"if","locations":[{"start":{"line":202,"column":12},"end":{"line":202,"column":12}},{"start":{"line":202,"column":12},"end":{"line":202,"column":12}}]},"30":{"line":205,"type":"if","locations":[{"start":{"line":205,"column":15},"end":{"line":205,"column":15}},{"start":{"line":205,"column":15},"end":{"line":205,"column":15}}]},"31":{"line":207,"type":"if","locations":[{"start":{"line":207,"column":12},"end":{"line":207,"column":12}},{"start":{"line":207,"column":12},"end":{"line":207,"column":12}}]},"32":{"line":210,"type":"if","locations":[{"start":{"line":210,"column":17},"end":{"line":210,"column":17}},{"start":{"line":210,"column":17},"end":{"line":210,"column":17}}]},"33":{"line":217,"type":"binary-expr","locations":[{"start":{"line":217,"column":46},"end":{"line":217,"column":67}},{"start":{"line":217,"column":72},"end":{"line":217,"column":139}}]},"34":{"line":217,"type":"cond-expr","locations":[{"start":{"line":217,"column":113},"end":{"line":217,"column":125}},{"start":{"line":217,"column":128},"end":{"line":217,"column":139}}]},"35":{"line":223,"type":"binary-expr","locations":[{"start":{"line":223,"column":15},"end":{"line":223,"column":28}},{"start":{"line":223,"column":32},"end":{"line":226,"column":5}}]}},"code":["/*"," *"," * Licensed to the Apache Software Foundation (ASF) under one"," * or more contributor license agreements.  See the NOTICE file"," * distributed with this work for additional information"," * regarding copyright ownership.  The ASF licenses this file"," * to you under the Apache License, Version 2.0 (the"," * \"License\"); you may not use this file except in compliance"," * with the License.  You may obtain a copy of the License at"," *"," *   http://www.apache.org/licenses/LICENSE-2.0"," *"," * Unless required by applicable law or agreed to in writing,"," * software distributed under the License is distributed on an"," * \"AS IS\" BASIS, WITHOUT WARRANTIES OR CONDITIONS OF ANY"," * KIND, either express or implied.  See the License for the"," * specific language governing permissions and limitations"," * under the License."," *","*/","","/* global cordova, FileSystem */","","var argscheck = require('cordova/argscheck'),","    exec = require('cordova/exec'),","    FileTransferError = require('./FileTransferError'),","    ProgressEvent = require('cordova-plugin-file.ProgressEvent');","","function newProgressEvent(result) {","    var pe = new ProgressEvent();","    pe.lengthComputable = result.lengthComputable;","    pe.loaded = result.loaded;","    pe.total = result.total;","    return pe;","}","","function getUrlCredentials(urlString) {","    var credentialsPattern = /^https?\\:\\/\\/(?:(?:(([^:@\\/]*)(?::([^@\\/]*))?)?@)?([^:\\/?#]*)(?::(\\d*))?).*$/,","        credentials = credentialsPattern.exec(urlString);","","    return credentials && credentials[1];","}","","function getBasicAuthHeader(urlString) {","    var header =  null;","","","    // This is changed due to MS Windows doesn't support credentials in http uris","    // so we detect them by regexp and strip off from result url","    // Proof: http://social.msdn.microsoft.com/Forums/windowsapps/en-US/a327cf3c-f033-4a54-8b7f-03c56ba3203f/windows-foundation-uri-security-problem","","    if (window.btoa) {","        var credentials = getUrlCredentials(urlString);","        if (credentials) {","            var authHeader = \"Authorization\";","            var authHeaderValue = \"Basic \" + window.btoa(credentials);","","            header = {","                name : authHeader,","                value : authHeaderValue","            };","        }","    }","","    return header;","}","","function convertHeadersToArray(headers) {","    var result = [];","    for (var header in headers) {","        if (headers.hasOwnProperty(header)) {","            var headerValue = headers[header];","            result.push({","                name: header,","                value: headerValue.toString()","            });","        }","    }","    return result;","}","","var idCounter = 0;","","/**"," * FileTransfer uploads a file to a remote server."," * @constructor"," */","var FileTransfer = function() {","    this._id = ++idCounter;","    this.onprogress = null; // optional callback","};","","/**","* Given an absolute file path, uploads a file on the device to a remote server","* using a multipart HTTP request.","* @param filePath {String}           Full path of the file on the device","* @param server {String}             URL of the server to receive the file","* @param successCallback (Function}  Callback to be invoked when upload has completed","* @param errorCallback {Function}    Callback to be invoked upon error","* @param options {FileUploadOptions} Optional parameters such as file name and mimetype","* @param trustAllHosts {Boolean} Optional trust all hosts (e.g. for self-signed certs), defaults to false","*/","FileTransfer.prototype.upload = function(filePath, server, successCallback, errorCallback, options, trustAllHosts) {","    argscheck.checkArgs('ssFFO*', 'FileTransfer.upload', arguments);","    // check for options","    var fileKey = null;","    var fileName = null;","    var mimeType = null;","    var params = null;","    var chunkedMode = true;","    var headers = null;","    var httpMethod = null;","    var basicAuthHeader = getBasicAuthHeader(server);","    if (basicAuthHeader) {","        server = server.replace(getUrlCredentials(server) + '@', '');","","        options = options || {};","        options.headers = options.headers || {};","        options.headers[basicAuthHeader.name] = basicAuthHeader.value;","    }","","    if (options) {","        fileKey = options.fileKey;","        fileName = options.fileName;","        mimeType = options.mimeType;","        headers = options.headers;","        httpMethod = options.httpMethod || \"POST\";","        if (httpMethod.toUpperCase() == \"PUT\"){","            httpMethod = \"PUT\";","        } else {","            httpMethod = \"POST\";","        }","        if (options.chunkedMode !== null || typeof options.chunkedMode != \"undefined\") {","            chunkedMode = options.chunkedMode;","        }","        if (options.params) {","            params = options.params;","        }","        else {","            params = {};","        }","    }","","    if (cordova.platformId === \"windowsphone\") {","        headers = headers && convertHeadersToArray(headers);","        params = params && convertHeadersToArray(params);","    }","","    var fail = errorCallback && function(e) {","        var error = new FileTransferError(e.code, e.source, e.target, e.http_status, e.body, e.exception);","        errorCallback(error);","    };","","    var self = this;","    var win = function(result) {","        if (typeof result.lengthComputable != \"undefined\") {","            if (self.onprogress) {","                self.onprogress(newProgressEvent(result));","            }","        } else {","            if (successCallback) {","                successCallback(result);","            }","        }","    };","    exec(win, fail, 'FileTransfer', 'upload', [filePath, server, fileKey, fileName, mimeType, params, trustAllHosts, chunkedMode, headers, this._id, httpMethod]);","};","","/**"," * Downloads a file form a given URL and saves it to the specified directory."," * @param source {String}          URL of the server to receive the file"," * @param target {String}         Full path of the file on the device"," * @param successCallback (Function}  Callback to be invoked when upload has completed"," * @param errorCallback {Function}    Callback to be invoked upon error"," * @param trustAllHosts {Boolean} Optional trust all hosts (e.g. for self-signed certs), defaults to false"," * @param options {FileDownloadOptions} Optional parameters such as headers"," */","FileTransfer.prototype.download = function(source, target, successCallback, errorCallback, trustAllHosts, options) {","    argscheck.checkArgs('ssFF*', 'FileTransfer.download', arguments);","    var self = this;","","    var basicAuthHeader = getBasicAuthHeader(source);","    if (basicAuthHeader) {","        source = source.replace(getUrlCredentials(source) + '@', '');","","        options = options || {};","        options.headers = options.headers || {};","        options.headers[basicAuthHeader.name] = basicAuthHeader.value;","    }","","    var headers = null;","    if (options) {","        headers = options.headers || null;","    }","","    if (cordova.platformId === \"windowsphone\" && headers) {","        headers = convertHeadersToArray(headers);","    }","","    var win = function(result) {","        if (typeof result.lengthComputable != \"undefined\") {","            if (self.onprogress) {","                return self.onprogress(newProgressEvent(result));","            }","        } else if (successCallback) {","            var entry = null;","            if (result.isDirectory) {","                entry = new (require('cordova-plugin-file.DirectoryEntry'))();","            }","            else if (result.isFile) {","                entry = new (require('cordova-plugin-file.FileEntry'))();","            }","            entry.isDirectory = result.isDirectory;","            entry.isFile = result.isFile;","            entry.name = result.name;","            entry.fullPath = result.fullPath;","            entry.filesystem = new FileSystem(result.filesystemName || (result.filesystem == window.PERSISTENT ? 'persistent' : 'temporary'));","            entry.nativeURL = result.nativeURL;","            successCallback(entry);","        }","    };","","    var fail = errorCallback && function(e) {","        var error = new FileTransferError(e.code, e.source, e.target, e.http_status, e.body, e.exception);","        errorCallback(error);","    };","","    exec(win, fail, 'FileTransfer', 'd
[...]
ne":207,"column":8},"end":{"line":211,"column":9}},"97":{"start":{"line":208,"column":12},"end":{"line":210,"column":13}},"98":{"start":{"line":209,"column":16},"end":{"line":209,"column":39}},"99":{"start":{"line":213,"column":8},"end":{"line":218,"column":9}},"100":{"start":{"line":214,"column":12},"end":{"line":214,"column":27}},"101":{"start":{"line":215,"column":12},"end":{"line":217,"column":13}},"102":{"start":{"line":216,"column":16},"end":{"line":216,"column":37}},"103":{"start":{"line":222,"column":0},"end":{"line":222,"column":66}}},"branchMap":{"1":{"line":38,"type":"if","locations":[{"start":{"line":38,"column":8},"end":{"line":38,"column":8}},{"start":{"line":38,"column":8},"end":{"line":38,"column":8}}]},"2":{"line":40,"type":"if","locations":[{"start":{"line":40,"column":12},"end":{"line":40,"column":12}},{"start":{"line":40,"column":12},"end":{"line":40,"column":12}}]},"3":{"line":43,"type":"if","locations":[{"start":{"line":43,"column":15},"end":{"line":43,"column":15}},{"start":{"line":43,"column":15},"end":{"line":43,"column":15}}]},"4":{"line":75,"type":"if","locations":[{"start":{"line":75,"column":24},"end":{"line":75,"column":24}},{"start":{"line":75,"column":24},"end":{"line":75,"column":24}}]},"5":{"line":83,"type":"if","locations":[{"start":{"line":83,"column":24},"end":{"line":83,"column":24}},{"start":{"line":83,"column":24},"end":{"line":83,"column":24}}]},"6":{"line":90,"type":"if","locations":[{"start":{"line":90,"column":31},"end":{"line":90,"column":31}},{"start":{"line":90,"column":31},"end":{"line":90,"column":31}}]},"7":{"line":106,"type":"if","locations":[{"start":{"line":106,"column":24},"end":{"line":106,"column":24}},{"start":{"line":106,"column":24},"end":{"line":106,"column":24}}]},"8":{"line":124,"type":"if","locations":[{"start":{"line":124,"column":12},"end":{"line":124,"column":12}},{"start":{"line":124,"column":12},"end":{"line":124,"column":12}}]},"9":{"line":131,"type":"if","locations":[{"start":{"line":131,"column":12},"end":{"line":131,"column":12}},{"start":{"line":131,"column":12},"end":{"line":131,"column":12}}]},"10":{"line":146,"type":"if","locations":[{"start":{"line":146,"column":12},"end":{"line":146,"column":12}},{"start":{"line":146,"column":12},"end":{"line":146,"column":12}}]},"11":{"line":147,"type":"if","locations":[{"start":{"line":147,"column":16},"end":{"line":147,"column":16}},{"start":{"line":147,"column":16},"end":{"line":147,"column":16}}]},"12":{"line":147,"type":"binary-expr","locations":[{"start":{"line":147,"column":20},"end":{"line":147,"column":42}},{"start":{"line":147,"column":46},"end":{"line":147,"column":62}}]},"13":{"line":155,"type":"if","locations":[{"start":{"line":155,"column":23},"end":{"line":155,"column":23}},{"start":{"line":155,"column":23},"end":{"line":155,"column":23}}]},"14":{"line":166,"type":"if","locations":[{"start":{"line":166,"column":20},"end":{"line":166,"column":20}},{"start":{"line":166,"column":20},"end":{"line":166,"column":20}}]},"15":{"line":194,"type":"if","locations":[{"start":{"line":194,"column":12},"end":{"line":194,"column":12}},{"start":{"line":194,"column":12},"end":{"line":194,"column":12}}]},"16":{"line":202,"type":"if","locations":[{"start":{"line":202,"column":12},"end":{"line":202,"column":12}},{"start":{"line":202,"column":12},"end":{"line":202,"column":12}}]},"17":{"line":208,"type":"if","locations":[{"start":{"line":208,"column":12},"end":{"line":208,"column":12}},{"start":{"line":208,"column":12},"end":{"line":208,"column":12}}]},"18":{"line":215,"type":"if","locations":[{"start":{"line":215,"column":12},"end":{"line":215,"column":12}},{"start":{"line":215,"column":12},"end":{"line":215,"column":12}}]}},"code":["/*"," *"," * Licensed to the Apache Software Foundation (ASF) under one"," * or more contributor license agreements.  See the NOTICE file"," * distributed with this work for additional information"," * regarding copyright ownership.  The ASF licenses this file"," * to you under the Apache License, Version 2.0 (the"," * \"License\"); you may not use this file except in compliance"," * with the License.  You may obtain a copy of the License at"," *"," *   http://www.apache.org/licenses/LICENSE-2.0"," *"," * Unless required by applicable law or agreed to in writing,"," * software distributed under the License is distributed on an"," * \"AS IS\" BASIS, WITHOUT WARRANTIES OR CONDITIONS OF ANY"," * KIND, either express or implied.  See the License for the"," * specific language governing permissions and limitations"," * under the License."," *","*/","","var FileTransferError = require('./FileTransferError'),","    xhr = {};","","function getParentPath(filePath) {","    var pos = filePath.lastIndexOf('/');","    return filePath.substring(0, pos + 1);","}","","function getFileName(filePath) {","    var pos = filePath.lastIndexOf('/');","    return filePath.substring(pos + 1);","}","","module.exports = {","    abort: function (successCallback, errorCallback, args) {","        var id = args[0];","        if (xhr[id]) {","            xhr[id].abort();","            if (typeof(successCallback) === 'function') {","                successCallback();","            }","        } else if (typeof(errorCallback) === 'function') {","            errorCallback();","        }","    },","","    upload: function(successCallback, errorCallback, args) {","        var filePath = args[0],","            server = args[1],","            fileKey = args[2],","            fileName = args[3],","            mimeType = args[4],","            params = args[5],","            /*trustAllHosts = args[6],*/","            /*chunkedMode = args[7],*/","            headers = args[8];","","        xhr[fileKey] = new XMLHttpRequest({mozSystem: true});","        xhr[fileKey].onabort = function() {","            onFail(new FileTransferError(FileTransferError.ABORT_ERR, server, filePath, this.status, xhr[fileKey].response));","        };","","        window.resolveLocalFileSystemURL(filePath, function(entry) {","            entry.file(function(file) {","                var reader = new FileReader();","","                reader.onloadend = function() {","                    var blob = new Blob([this.result], {type: mimeType});","                    var fd = new FormData();","","                    fd.append(fileKey, blob, fileName);","","                    for (var prop in params) {","                        if (params.hasOwnProperty(prop)) {","                            fd.append(prop, params[prop]);","                        }","                    }","","                    xhr[fileKey].open(\"POST\", server);","","                    xhr[fileKey].onload = function(evt) {","                        if (xhr[fileKey].status === 200) {","                            var result = new FileUploadResult();","                            result.bytesSent = blob.size;","                            result.responseCode = xhr[fileKey].status;","                            result.response = xhr[fileKey].response;","                            delete xhr[fileKey];","                            onSuccess(result);","                        } else if (xhr[fileKey].status === 404) {","                            onFail(new FileTransferError(FileTransferError.INVALID_URL_ERR, server, filePath, xhr[fileKey].status, xhr[fileKey].response));","                        } else {","                            onFail(new FileTransferError(FileTransferError.CONNECTION_ERR, server, filePath, xhr[fileKey].status, xhr[fileKey].response));","                        }","                    };","","                    xhr[fileKey].ontimeout = function() {","                        onFail(new FileTransferError(FileTransferError.CONNECTION_ERR, server, filePath, xhr[fileKey].status, xhr[fileKey].response));","                    };","","                    xhr[fileKey].onerror = function() {","                        onFail(new FileTransferError(FileTransferError.CONNECTION_ERR, server, filePath, this.status, xhr[fileKey].response));","                    };","","                    for (var header in headers) {","                        if (headers.hasOwnProperty(header)) {","                            xhr[fileKey].setRequestHeader(header, headers[header]);","                        }","                    }","","                    xhr[fileKey].send(fd);","                };","","                reader.readAsArrayBuffer(file);","","            }, function() {","                onFail(new FileTransferError(FileTransferError.FILE_NOT_FOUND_ERR, server, filePath));","            });","        }, function() {","            onFail(new FileTransferError(FileTransferError.FILE_NOT_FOUND_ERR, server, filePath));","        });","","        function onSuccess(data) {","            if (typeof(successCallback) === 'function') {","                successCallback(data);","            }","        }","","        function onFail(code) {","            delete xhr[fileKey];","            if (typeof(errorCallback) === 'function') {","                errorCallback(code);","            }","        }","    },","","    download: function (successCallback, errorCallback, args) {","        var source = args[0],","            target = args[1],","            id = args[3],","            headers = args[4];","","        xhr[id] = new XMLHttpRequest({mozSystem: true});","","        xhr[id].onload = function () {","            if (xhr[id].readyState === xhr[id].DONE) {","                if (xhr[id].status === 200 && xhr[id].response) {","                    window.resolveLocalFileSystemURL(getParentPath(target), function (dir) {","                        dir.getFile(getFileName(target), {create: true}, writeFile, function (error) {","                            onFail(new FileTransferError(FileTransferError.FILE_NOT_FOUND_ERR, source, target, xhr[id].status, xhr[id].response));","                        });","                    }, function () {","                        onFail(new FileTransferError(FileTransferError.FILE_NOT_FOUND_ERR, source, target, xhr[id].status, xhr[id].response));","                    });","                } else if (xhr[id].status === 404) {","                    onFail(new FileTransferError(FileTransferError.INVALID_URL_ERR, source, target, xhr[id].status, xhr[id].response));","                } else {","                    onFail(new FileTransferError(FileTransferError.CONNECTION_ERR, source, target, xhr[id].status, xhr[id].response));","                }","            }","        };","","        function writeFile(entry) {","            entry.createWriter(function (fileWriter) {","                fileWriter.onwriteend = function (evt) {","                    if (!evt.target.error) {","                        entry.filesystemName = entry.filesystem.name;","                        delete xhr[id];","                        onSuccess(entry);","                    } else {","                        onFail(evt.target.error);","                    }","                };","                fileWriter.onerror = function (evt) {","                    onFail(evt.target.error);","                };","                fileWriter.write(new Blob([xhr[id].response]));","            }, function (error) {","                onFail(error);","            });","        }","","        xhr[id].onerror = function (e) {","            onFail(new FileTransferError(FileTransferError.CONNECTION_ERR, source, target, xhr[id].status, xhr[id].response));","        };","","        xhr[id].onabort = function (e) {","            onFail(new FileTransferError(FileTransferError.ABORT_ERR, source, target, xhr[id].status, xhr[id].response));","        };","","        xhr[id].open(\"GET\", source, true);","","        for (var header in headers) {","            if (headers.hasOwnProperty(header)) {","                xhr[id].setRequestHeader(header, headers[header]);","            }","        }","","        xhr[id].responseType = \"blob\";","","        setTimeout(function () {","            if (xhr[id]) {","                xhr[id].send();","            }","        }, 0);","","        function onSuccess(entry) {","            if (typeof(successCallback) === 'function') {","                successCallback(entry);","            }","        }","","        function onFail(error) {","            delete xhr[id];","            if (typeof(errorCallback) === 'function') {","                errorCallback(error);","            }","        }","    }","};","","require('cordova/exec/proxy').add('FileTransfer', module.exports);",""],"l":{"22":2,"25":1,"26":0,"27":0,"30":1,"31":0,"32":0,"35":0,"37":0,"38":0,"39":0,"40":0,"41":0,"43":0,"44":0,"49":0,"59":0,"60":0,"61":0,"64":0,"65":0,"66":0,"68":0,"69":0,"70":0,"72":0,"74":0,"75":0,"76":0,"80":0,"82":0,"83":0,"84":0,"85":0,"86":0,"87":0,"88":0,"89":0,"90":0,"91":0,"93":0,"97":0,"98":0,"101":0,"102":0,"105":0,"106":0,"107":0,"111":0,"114":0,"117":0,"120":0,"123":1,"124":0,"125":0,"129":1,"130":0,"131":0,"132":0,"138":0,"143":0,"145":0,"146":0,"147":0,"148":0,"149":0,"150":0,"153":0,"155":0,"156":0,"158":0,"163":1,"164":0,"165":0,"166":0,"167":0,"168":0,"169":0,"171":0,"174":0,"175":0,"177":0,"179":0,"183":0,"184":0,"187":0,"188":0,"191":0,"193":0,"194":0,"195":0,"199":0,"201":0,"202":0,"203":0,"207":1,"208":0,"209":0,"213":1,"214":0,"215":0,"216":0,"222":0}},"/home/travis/build/npmtest/node-npmtest-cordova-plugin-file-transfer/node_modules/cordova-plugin-file-transfer/www/wp7/base64.js":{"path":"/home/travis/build/npmtest/node-npmtest-cordova-plugin-file-transfer/node_modules/cordova-plugin-file-transfer/www/wp7/base64.js","s":{"1":2,"2":2,"3":2,"4":2,"5":2,"6":0,"7":0,"8":0,"9":0,"10":0,"11":0,"12":0,"13":0,"14":0,"15":0,"16":0,"17":0,"18":0},"b":{"1":[2,0],"2":[0,0],"3":[0,0],"4":[0,0],"5":[0,0],"6":[0,0],"7":[0,0],"8":[0,0]},"f":{"1":2,"2":0,"3":0},"fnMap":{"1":{"name":"(anonymous_1)","line":25,"loc":{"start":{"line":25,"column":29},"end":{"line":25,"column":41}}},"2":{"name":"(anonymous_2)","line":34,"loc":{"start":{"line":34,"column":18},"end":{"line":34,"column":35}}},"3":{"name":"(anonymous_3)","line":55,"loc":{"start":{"line":55,"column":18},"end":{"line":55,"column":35}}}},"statementMap":{"1":{"start":{"line":24,"column":0},"end":{"line":29,"column":9}},"2":{"start":{"line":27,"column":8},"end":{"line":28,"column":39}},"3":{"start":{"line":27,"column":14},"end":{"line":27,"column":42}},"4":{"start":{"line":28,"column":24},"end":{"line":28,"column":37}},"5":{"start":{"line":33,"column":4},"end":{"line":50,"column":7}},"6":{"start":{"line":35,"column":8},"end":{"line":48,"column":9}},"7":{"start":{"line":45,"column":12},"end":{"line":45,"column":54}},"8":{"start":{"line":46,"column":12},"end":{"line":46,"column":61}},"9":{"start":{"line":46,"column":33},"end":{"line":46,"column":61}},"10":{"start":{"line":47,"column":12},"end":{"line":47,"column":42}},"11":{"start":{"line":49,"column":8},"end":{"line":49,"column":22}},"12":{"start":{"line":54,"column":4},"end":{"line":73,"column":7}},"13":{"start":{"line":56,"column":8},"end":{"line":56,"column":40}},"14":{"start":{"line":57,"column":8},"end":{"line":57,"column":63}},"15":{"start":{"line":57,"column":35},"end":{"line":57,"column":63}},"16":{"start":{"line":58,"column":8},"end":{"line":71,"column":9}},"17":{"start":{"line":70,"column":12},"end":{"line":70,"column":43}},"18":{"start":{"line":72,"column":8},"end":{"line":72,"column":22}}},"branchMap":{"1":{"line":33,"type":"binary-expr","locations":[{"start":{"line":33,"column":4},"end":{"line":33,"column":15}},{"start":{"line":34,"column":4},"end":{"line":50,"column":5}}]},"2":{"line":41,"type":"binary-expr","locations":[{"start":{"line":41,"column":10},"end":{"line":41,"column":31}},{"start":{"line":41,"column":36},"end":{"line":41,"column":54}}]},"3":{"line":46,"type":"if","locations":[{"start":{"line":46,"column":12},"end":{"line":46,"column":12}},{"start":{"line":46,"column":12},"end":{"line":46,"column":12}}]},"4":{"line":54,"type":"binary-expr","locations":[{"start":{"line":54,"column":4},"end":{"line":54,"column":15}},{"start":{"line":55,"column":4},"end":{"line":73,"column":5}}]},"5":{"line":57,"type":"if","locations":[{"start":{"line":57,"column":8},"end":{"line":57,"column":8}},{"start":{"line":57,"column":8},"end":{"line":57,"column":8}}]},"6":{"line":64,"type":"cond-expr","locations":[{"start":{"line":67,"column":24},"end":{"line":67,"column":80}},{"start":{"line":67,"column":83},"end":{"line":67,"column":84}}]},"7":{"line":64,"type":"binary-expr","locations":[{"start":{"line":64,"column":10},"end":{"line":64,"column":17}},{"start":{"line":64,"column":22},"end":{"line":67,"column":20}}]},"8":{"line":64,"type":"cond-expr","locations":[{"start":{"line":64,"column":36},"end":{"line":64,"column":52}},{"start":{"line":64,"column":55},"end":{"line":64,"column":61}}]}},"code":["/*"," *"," * Licensed to the Apache Software Foundation (ASF) under one"," * or more contributor license agreements.  See the NOTICE file"," * distributed with this work for additional information"," * regarding copyright ownership.  The ASF licenses this file"," * to you under the Apache License, Version 2.0 (the"," * \"License\"); you may not use this file except in compliance"," * with the License.  You may obtain a copy of the License at"," *"," *   http://www.apache.org/licenses/LICENSE-2.0"," *"," * Unless required by applicable law or agreed to in writing,"," * software distributed under the License is distributed on an"," * \"AS IS\" BASIS, WITHOUT WARRANTIES OR CONDITIONS OF ANY"," * KIND, either express or implied.  See the License for the"," * specific language governing permissions and limitations"," * under the License."," *","*/","","// jshint ignore: start","","var chars = 'ABCDEFGHIJKLMNOPQRSTUVWXYZabcdefghijklmnopqrstuvwxyz0123456789+/=',","    INVALID_CHARACTER_ERR = (function () {","        // fabricate a suitable error object","        try { document.createElement('$'); }","        catch (error) { return error; }","    }());","","    // encoder","    // [https://gist.github.com/999166] by [https://github.com/nignag]","    window.btoa || (","    window.btoa = function (input) {","        for (","            // initialize result and counter","          var block, charCode, idx = 0, map = chars, output = '';","            // if the next input index does not exist:","            //   change the mapping table to \"=\"","            //   check if d has no fractional digits","          input.charAt(idx | 0) || (map = '=', idx % 1) ;","            // \"8 - idx % 1 * 8\" generates the sequence 2, 4, 6, 8","          output += map.charAt(63 & block >> 8 - idx % 1 * 8)","        ) {","            charCode = input.charCodeAt(idx += 3 / 4);","            if (charCode > 0xFF) throw INVALID_CHARACTER_ERR;","            block = block << 8 | charCode;","        }","        return output;","    });","","    // decoder","    // [https://gist.github.com/1020396] by [https://github.com/atk]","    window.atob || (","    window.atob = function (input) {","        input = input.replace(/=+$/, '')","        if (input.length % 4 == 1) throw INVALID_CHARACTER_ERR;","        for (","            // initialize result and counters","          var bc = 0, bs, buffer, idx = 0, output = '';","            // get next character","          buffer = input.charAt(idx++) ;","            // character found in table? initialize bit storage and add its ascii value;","          ~buffer && (bs = bc % 4 ? bs * 64 + buffer : buffer,","            // and if not first of each 4 characters,","            // convert the first 8 bits to one ascii character","            bc++ % 4) ? output += String.fromCharCode(255 & bs >> (-2 * bc & 6)) : 0","        ) {","            // try to find character in table (0-63, not found => -1)","            buffer = chars.indexOf(buffer);","        }","        return output;","    });"],"l":{"24":2,"27":2,"28":2,"33":2,"35":0,"45":0,"46":0,"47":0,"49":0,"54":0,"56":0,"57":0,"58":0,"70":0,"72":0}}}